<?xml version="1.0" encoding="UTF-8"?>
<!-- Generated by org.testng.reporters.JUnitReportReporter -->
<testsuite skipped="0" hostname="LAPTOP-M7LJD1LD" name="ru.maistrenko.addressbook.test.ContactModificationTests" tests="1" failures="1" timestamp="06 фев 2018 16:09:53 GMT" time="4.347" errors="0">
  <testcase name="testContactModification" time="4.347" classname="ru.maistrenko.addressbook.test.ContactModificationTests">
    <failure type="java.lang.AssertionError" message="
Expected: &lt;[ContactData{firstName=&#039;First 0&#039;, lastName=&#039;Last 0&#039;, id=153}, ContactData{firstName=&#039;First 1&#039;, lastName=&#039;Last 1&#039;, id=154}, ContactData{firstName=&#039;First 2&#039;, lastName=&#039;Last 2&#039;, id=155}, ContactData{firstName=&#039;First&#039;, lastName=&#039;Last&#039;, id=152}, ContactData{firstName=&#039;modified&#039;, lastName=&#039;test3&#039;, id=151}, ContactData{firstName=&#039;modified&#039;, lastName=&#039;test3&#039;, id=150}]&gt;
     but: was &lt;[ContactData{firstName=&#039;First 0&#039;, lastName=&#039;Last 0&#039;, id=151}, ContactData{firstName=&#039;modified&#039;, lastName=&#039;test3&#039;, id=152}, ContactData{firstName=&#039;First 0&#039;, lastName=&#039;Last 0&#039;, id=153}, ContactData{firstName=&#039;First 1&#039;, lastName=&#039;Last 1&#039;, id=154}, ContactData{firstName=&#039;First 2&#039;, lastName=&#039;Last 2&#039;, id=155}, ContactData{firstName=&#039;modified&#039;, lastName=&#039;test3&#039;, id=150}]&gt;">
      <![CDATA[java.lang.AssertionError: 
Expected: <[ContactData{firstName='First 0', lastName='Last 0', id=153}, ContactData{firstName='First 1', lastName='Last 1', id=154}, ContactData{firstName='First 2', lastName='Last 2', id=155}, ContactData{firstName='First', lastName='Last', id=152}, ContactData{firstName='modified', lastName='test3', id=151}, ContactData{firstName='modified', lastName='test3', id=150}]>
     but: was <[ContactData{firstName='First 0', lastName='Last 0', id=151}, ContactData{firstName='modified', lastName='test3', id=152}, ContactData{firstName='First 0', lastName='Last 0', id=153}, ContactData{firstName='First 1', lastName='Last 1', id=154}, ContactData{firstName='First 2', lastName='Last 2', id=155}, ContactData{firstName='modified', lastName='test3', id=150}]>
at org.hamcrest.MatcherAssert.assertThat(MatcherAssert.java:20)
at org.hamcrest.MatcherAssert.assertThat(MatcherAssert.java:8)
at ru.maistrenko.addressbook.test.ContactModificationTests.testContactModification(ContactModificationTests.java:46)
at sun.reflect.NativeMethodAccessorImpl.invoke0(Native Method)
at sun.reflect.NativeMethodAccessorImpl.invoke(NativeMethodAccessorImpl.java:62)
at sun.reflect.DelegatingMethodAccessorImpl.invoke(DelegatingMethodAccessorImpl.java:43)
at java.lang.reflect.Method.invoke(Method.java:498)
at org.testng.internal.MethodInvocationHelper.invokeMethod(MethodInvocationHelper.java:124)
at org.testng.internal.Invoker.invokeMethod(Invoker.java:580)
at org.testng.internal.Invoker.invokeTestMethod(Invoker.java:716)
at org.testng.internal.Invoker.invokeTestMethods(Invoker.java:988)
at org.testng.internal.TestMethodWorker.invokeTestMethods(TestMethodWorker.java:125)
at org.testng.internal.TestMethodWorker.run(TestMethodWorker.java:109)
at org.testng.TestRunner.privateRun(TestRunner.java:648)
at org.testng.TestRunner.run(TestRunner.java:505)
at org.testng.SuiteRunner.runTest(SuiteRunner.java:455)
at org.testng.SuiteRunner.runSequentially(SuiteRunner.java:450)
at org.testng.SuiteRunner.privateRun(SuiteRunner.java:415)
at org.testng.SuiteRunner.run(SuiteRunner.java:364)
at org.testng.SuiteRunnerWorker.runSuite(SuiteRunnerWorker.java:52)
at org.testng.SuiteRunnerWorker.run(SuiteRunnerWorker.java:84)
at org.testng.TestNG.runSuitesSequentially(TestNG.java:1208)
at org.testng.TestNG.runSuitesLocally(TestNG.java:1137)
at org.testng.TestNG.runSuites(TestNG.java:1049)
at org.testng.TestNG.run(TestNG.java:1017)
at org.apache.maven.surefire.testng.TestNGExecutor.run(TestNGExecutor.java:178)
at org.apache.maven.surefire.testng.TestNGXmlTestSuite.execute(TestNGXmlTestSuite.java:92)
at org.apache.maven.surefire.testng.TestNGProvider.invoke(TestNGProvider.java:96)
at sun.reflect.NativeMethodAccessorImpl.invoke0(Native Method)
at sun.reflect.NativeMethodAccessorImpl.invoke(NativeMethodAccessorImpl.java:62)
at sun.reflect.DelegatingMethodAccessorImpl.invoke(DelegatingMethodAccessorImpl.java:43)
at java.lang.reflect.Method.invoke(Method.java:498)
at org.apache.maven.surefire.util.ReflectionUtils.invokeMethodWithArray2(ReflectionUtils.java:208)
at org.apache.maven.surefire.booter.ProviderFactory$ProviderProxy.invoke(ProviderFactory.java:159)
at org.apache.maven.surefire.booter.ProviderFactory.invokeProvider(ProviderFactory.java:87)
at org.apache.maven.surefire.booter.ForkedBooter.runSuitesInProcess(ForkedBooter.java:153)
at org.apache.maven.surefire.booter.ForkedBooter.main(ForkedBooter.java:95)
]]>
    </failure>
  </testcase> <!-- testContactModification -->
</testsuite> <!-- ru.maistrenko.addressbook.test.ContactModificationTests -->
