<html>
<head>
<title>TestNG:  Contacts</title>
<link href="../testng.css" rel="stylesheet" type="text/css" />
<link href="../my-testng.css" rel="stylesheet" type="text/css" />

<style type="text/css">
.log { display: none;} 
.stack-trace { display: none;} 
</style>
<script type="text/javascript">
<!--
function flip(e) {
  current = e.style.display;
  if (current == 'block') {
    e.style.display = 'none';
    return 0;
  }
  else {
    e.style.display = 'block';
    return 1;
  }
}

function toggleBox(szDivId, elem, msg1, msg2)
{
  var res = -1;  if (document.getElementById) {
    res = flip(document.getElementById(szDivId));
  }
  else if (document.all) {
    // this is the way old msie versions work
    res = flip(document.all[szDivId]);
  }
  if(elem) {
    if(res == 0) elem.innerHTML = msg1; else elem.innerHTML = msg2;
  }

}

function toggleAllBoxes() {
  if (document.getElementsByTagName) {
    d = document.getElementsByTagName('div');
    for (i = 0; i < d.length; i++) {
      if (d[i].className == 'log') {
        flip(d[i]);
      }
    }
  }
}

// -->
</script>

</head>
<body>
<h2 align='center'>Contacts</h2><table border='1' align="center">
<tr>
<td>Tests passed/Failed/Skipped:</td><td>6/2/0</td>
</tr><tr>
<td>Started on:</td><td>Tue Feb 06 20:08:33 SAMT 2018</td>
</tr>
<tr><td>Total time:</td><td>38 seconds (38107 ms)</td>
</tr><tr>
<td>Included groups:</td><td></td>
</tr><tr>
<td>Excluded groups:</td><td></td>
</tr>
</table><p/>
<small><i>(Hover the method name to see the test class name)</i></small><p/>
<table width='100%' border='1' class='invocation-failed'>
<tr><td colspan='4' align='center'><b>FAILED TESTS</b></td></tr>
<tr><td><b>Test method</b></td>
<td width="30%"><b>Exception</b></td>
<td width="10%"><b>Time (seconds)</b></td>
<td><b>Instance</b></td>
</tr>
<tr>
<td title='ru.maistrenko.addressbook.test.ContactModificationTests.testContactModification()'><b>testContactModification</b><br>Test class: ru.maistrenko.addressbook.test.ContactModificationTests</td>
<td><div><pre>java.lang.AssertionError: 
Expected: &lt;[ContactData{firstName=&apos;First 0&apos;, lastName=&apos;Last 0&apos;, id=153}, ContactData{firstName=&apos;First 1&apos;, lastName=&apos;Last 1&apos;, id=154}, ContactData{firstName=&apos;First 2&apos;, lastName=&apos;Last 2&apos;, id=155}, ContactData{firstName=&apos;First&apos;, lastName=&apos;Last&apos;, id=152}, ContactData{firstName=&apos;modified&apos;, lastName=&apos;test3&apos;, id=151}, ContactData{firstName=&apos;modified&apos;, lastName=&apos;test3&apos;, id=150}]&gt;
     but: was &lt;[ContactData{firstName=&apos;First 0&apos;, lastName=&apos;Last 0&apos;, id=151}, ContactData{firstName=&apos;modified&apos;, lastName=&apos;test3&apos;, id=152}, ContactData{firstName=&apos;First 0&apos;, lastName=&apos;Last 0&apos;, id=153}, ContactData{firstName=&apos;First 1&apos;, lastName=&apos;Last 1&apos;, id=154}, ContactData{firstName=&apos;First 2&apos;, lastName=&apos;Last 2&apos;, id=155}, ContactData{firstName=&apos;modified&apos;, lastName=&apos;test3&apos;, id=150}]&gt;
	at org.hamcrest.MatcherAssert.assertThat(MatcherAssert.java:20)
	at org.hamcrest.MatcherAssert.assertThat(MatcherAssert.java:8)
	at ru.maistrenko.addressbook.test.ContactModificationTests.testContactModification(ContactModificationTests.java:46)
... Removed 34 stack frames</pre></div><a href='#' onClick='toggleBox("stack-trace1570470538", this, "Click to show all stack frames", "Click to hide stack frames")'>Click to show all stack frames</a>
<div class='stack-trace' id='stack-trace1570470538'><pre>java.lang.AssertionError: 
Expected: &lt;[ContactData{firstName=&apos;First 0&apos;, lastName=&apos;Last 0&apos;, id=153}, ContactData{firstName=&apos;First 1&apos;, lastName=&apos;Last 1&apos;, id=154}, ContactData{firstName=&apos;First 2&apos;, lastName=&apos;Last 2&apos;, id=155}, ContactData{firstName=&apos;First&apos;, lastName=&apos;Last&apos;, id=152}, ContactData{firstName=&apos;modified&apos;, lastName=&apos;test3&apos;, id=151}, ContactData{firstName=&apos;modified&apos;, lastName=&apos;test3&apos;, id=150}]&gt;
     but: was &lt;[ContactData{firstName=&apos;First 0&apos;, lastName=&apos;Last 0&apos;, id=151}, ContactData{firstName=&apos;modified&apos;, lastName=&apos;test3&apos;, id=152}, ContactData{firstName=&apos;First 0&apos;, lastName=&apos;Last 0&apos;, id=153}, ContactData{firstName=&apos;First 1&apos;, lastName=&apos;Last 1&apos;, id=154}, ContactData{firstName=&apos;First 2&apos;, lastName=&apos;Last 2&apos;, id=155}, ContactData{firstName=&apos;modified&apos;, lastName=&apos;test3&apos;, id=150}]&gt;
	at org.hamcrest.MatcherAssert.assertThat(MatcherAssert.java:20)
	at org.hamcrest.MatcherAssert.assertThat(MatcherAssert.java:8)
	at ru.maistrenko.addressbook.test.ContactModificationTests.testContactModification(ContactModificationTests.java:46)
	at sun.reflect.NativeMethodAccessorImpl.invoke0(Native Method)
	at sun.reflect.NativeMethodAccessorImpl.invoke(NativeMethodAccessorImpl.java:62)
	at sun.reflect.DelegatingMethodAccessorImpl.invoke(DelegatingMethodAccessorImpl.java:43)
	at java.lang.reflect.Method.invoke(Method.java:498)
	at org.testng.internal.MethodInvocationHelper.invokeMethod(MethodInvocationHelper.java:124)
	at org.testng.internal.Invoker.invokeMethod(Invoker.java:580)
	at org.testng.internal.Invoker.invokeTestMethod(Invoker.java:716)
	at org.testng.internal.Invoker.invokeTestMethods(Invoker.java:988)
	at org.testng.internal.TestMethodWorker.invokeTestMethods(TestMethodWorker.java:125)
	at org.testng.internal.TestMethodWorker.run(TestMethodWorker.java:109)
	at org.testng.TestRunner.privateRun(TestRunner.java:648)
	at org.testng.TestRunner.run(TestRunner.java:505)
	at org.testng.SuiteRunner.runTest(SuiteRunner.java:455)
	at org.testng.SuiteRunner.runSequentially(SuiteRunner.java:450)
	at org.testng.SuiteRunner.privateRun(SuiteRunner.java:415)
	at org.testng.SuiteRunner.run(SuiteRunner.java:364)
	at org.testng.SuiteRunnerWorker.runSuite(SuiteRunnerWorker.java:52)
	at org.testng.SuiteRunnerWorker.run(SuiteRunnerWorker.java:84)
	at org.testng.TestNG.runSuitesSequentially(TestNG.java:1208)
	at org.testng.TestNG.runSuitesLocally(TestNG.java:1137)
	at org.testng.TestNG.runSuites(TestNG.java:1049)
	at org.testng.TestNG.run(TestNG.java:1017)
	at org.apache.maven.surefire.testng.TestNGExecutor.run(TestNGExecutor.java:178)
	at org.apache.maven.surefire.testng.TestNGXmlTestSuite.execute(TestNGXmlTestSuite.java:92)
	at org.apache.maven.surefire.testng.TestNGProvider.invoke(TestNGProvider.java:96)
	at sun.reflect.NativeMethodAccessorImpl.invoke0(Native Method)
	at sun.reflect.NativeMethodAccessorImpl.invoke(NativeMethodAccessorImpl.java:62)
	at sun.reflect.DelegatingMethodAccessorImpl.invoke(DelegatingMethodAccessorImpl.java:43)
	at java.lang.reflect.Method.invoke(Method.java:498)
	at org.apache.maven.surefire.util.ReflectionUtils.invokeMethodWithArray2(ReflectionUtils.java:208)
	at org.apache.maven.surefire.booter.ProviderFactory$ProviderProxy.invoke(ProviderFactory.java:159)
	at org.apache.maven.surefire.booter.ProviderFactory.invokeProvider(ProviderFactory.java:87)
	at org.apache.maven.surefire.booter.ForkedBooter.runSuitesInProcess(ForkedBooter.java:153)
	at org.apache.maven.surefire.booter.ForkedBooter.main(ForkedBooter.java:95)
</pre></div></td>
<td>4</td>
<td>ru.maistrenko.addressbook.test.ContactModificationTests@610694f1</td></tr>
<tr>
<td title='ru.maistrenko.addressbook.test.ContactDetailsTests.testDetailsContactDetails()'><b>testDetailsContactDetails</b><br>Test class: ru.maistrenko.addressbook.test.ContactDetailsTests</td>
<td><div><pre>org.openqa.selenium.NoSuchElementException: no such element: Unable to locate element: {&quot;method&quot;:&quot;css selector&quot;,&quot;selector&quot;:&quot;a[href=&apos;view.php?id=151&apos;]&quot;}
  (Session info: chrome=63.0.3239.132)
  (Driver info: chromedriver=2.34.522940 (1a76f96f66e3ca7b8e57d503b4dd3bccfba87af1),platform=Windows NT 10.0.16299 x86_64) (WARNING: The server did not provide any stacktrace information)
Command duration or timeout: 1.04 seconds
For documentation on this error, please visit: http://seleniumhq.org/exceptions/no_such_element.html
Build info: version: &apos;3.4.0&apos;, revision: &apos;unknown&apos;, time: &apos;unknown&apos;
System info: host: &apos;LAPTOP-M7LJD1LD&apos;, ip: &apos;192.168.1.106&apos;, os.name: &apos;Windows 10&apos;, os.arch: &apos;amd64&apos;, os.version: &apos;10.0&apos;, java.version: &apos;1.8.0_121&apos;
Driver info: org.openqa.selenium.chrome.ChromeDriver
Capabilities [{applicationCacheEnabled=false, rotatable=false, mobileEmulationEnabled=false, networkConnectionEnabled=false, chrome={chromedriverVersion=2.34.522940 (1a76f96f66e3ca7b8e57d503b4dd3bccfba87af1), userDataDir=C:\Users\User\AppData\Local\Temp\scoped_dir8016_5054}, takesHeapSnapshot=true, pageLoadStrategy=normal, databaseEnabled=false, handlesAlerts=true, hasTouchScreen=false, version=63.0.3239.132, platform=XP, browserConnectionEnabled=false, nativeEvents=true, acceptSslCerts=true, locationContextEnabled=true, webStorageEnabled=true, browserName=chrome, takesScreenshot=true, javascriptEnabled=true, cssSelectorsEnabled=true, setWindowRect=true, unexpectedAlertBehaviour=}]
Session ID: ddf1a52fc5a4a9b1a25935cfd449b385
*** Element info: {Using=css selector, value=a[href=&apos;view.php?id=151&apos;]}
	at org.openqa.selenium.remote.ErrorHandler.createThrowable(ErrorHandler.java:215)
	at org.openqa.selenium.remote.ErrorHandler.throwIfResponseFailed(ErrorHandler.java:167)
	at org.openqa.selenium.remote.RemoteWebDriver.execute(RemoteWebDriver.java:671)
	at org.openqa.selenium.remote.RemoteWebDriver.findElement(RemoteWebDriver.java:410)
	at org.openqa.selenium.remote.RemoteWebDriver.findElementByCssSelector(RemoteWebDriver.java:501)
	at org.openqa.selenium.By$ByCssSelector.findElement(By.java:430)
	at org.openqa.selenium.remote.RemoteWebDriver.findElement(RemoteWebDriver.java:402)
	at ru.maistrenko.addressbook.appmanager.ContactHelper.initContactDetailsById(ContactHelper.java:174)
	at ru.maistrenko.addressbook.appmanager.ContactHelper.contactInfoFromDetailsForm(ContactHelper.java:156)
	at ru.maistrenko.addressbook.test.ContactDetailsTests.testDetailsContactDetails(ContactDetailsTests.java:27)
... Removed 38 stack frames</pre></div><a href='#' onClick='toggleBox("stack-trace61073295", this, "Click to show all stack frames", "Click to hide stack frames")'>Click to show all stack frames</a>
<div class='stack-trace' id='stack-trace61073295'><pre>org.openqa.selenium.NoSuchElementException: no such element: Unable to locate element: {&quot;method&quot;:&quot;css selector&quot;,&quot;selector&quot;:&quot;a[href=&apos;view.php?id=151&apos;]&quot;}
  (Session info: chrome=63.0.3239.132)
  (Driver info: chromedriver=2.34.522940 (1a76f96f66e3ca7b8e57d503b4dd3bccfba87af1),platform=Windows NT 10.0.16299 x86_64) (WARNING: The server did not provide any stacktrace information)
Command duration or timeout: 1.04 seconds
For documentation on this error, please visit: http://seleniumhq.org/exceptions/no_such_element.html
Build info: version: &apos;3.4.0&apos;, revision: &apos;unknown&apos;, time: &apos;unknown&apos;
System info: host: &apos;LAPTOP-M7LJD1LD&apos;, ip: &apos;192.168.1.106&apos;, os.name: &apos;Windows 10&apos;, os.arch: &apos;amd64&apos;, os.version: &apos;10.0&apos;, java.version: &apos;1.8.0_121&apos;
Driver info: org.openqa.selenium.chrome.ChromeDriver
Capabilities [{applicationCacheEnabled=false, rotatable=false, mobileEmulationEnabled=false, networkConnectionEnabled=false, chrome={chromedriverVersion=2.34.522940 (1a76f96f66e3ca7b8e57d503b4dd3bccfba87af1), userDataDir=C:\Users\User\AppData\Local\Temp\scoped_dir8016_5054}, takesHeapSnapshot=true, pageLoadStrategy=normal, databaseEnabled=false, handlesAlerts=true, hasTouchScreen=false, version=63.0.3239.132, platform=XP, browserConnectionEnabled=false, nativeEvents=true, acceptSslCerts=true, locationContextEnabled=true, webStorageEnabled=true, browserName=chrome, takesScreenshot=true, javascriptEnabled=true, cssSelectorsEnabled=true, setWindowRect=true, unexpectedAlertBehaviour=}]
Session ID: ddf1a52fc5a4a9b1a25935cfd449b385
*** Element info: {Using=css selector, value=a[href=&apos;view.php?id=151&apos;]}
	at sun.reflect.NativeConstructorAccessorImpl.newInstance0(Native Method)
	at sun.reflect.NativeConstructorAccessorImpl.newInstance(NativeConstructorAccessorImpl.java:62)
	at sun.reflect.DelegatingConstructorAccessorImpl.newInstance(DelegatingConstructorAccessorImpl.java:45)
	at java.lang.reflect.Constructor.newInstance(Constructor.java:423)
	at org.openqa.selenium.remote.ErrorHandler.createThrowable(ErrorHandler.java:215)
	at org.openqa.selenium.remote.ErrorHandler.throwIfResponseFailed(ErrorHandler.java:167)
	at org.openqa.selenium.remote.RemoteWebDriver.execute(RemoteWebDriver.java:671)
	at org.openqa.selenium.remote.RemoteWebDriver.findElement(RemoteWebDriver.java:410)
	at org.openqa.selenium.remote.RemoteWebDriver.findElementByCssSelector(RemoteWebDriver.java:501)
	at org.openqa.selenium.By$ByCssSelector.findElement(By.java:430)
	at org.openqa.selenium.remote.RemoteWebDriver.findElement(RemoteWebDriver.java:402)
	at ru.maistrenko.addressbook.appmanager.ContactHelper.initContactDetailsById(ContactHelper.java:174)
	at ru.maistrenko.addressbook.appmanager.ContactHelper.contactInfoFromDetailsForm(ContactHelper.java:156)
	at ru.maistrenko.addressbook.test.ContactDetailsTests.testDetailsContactDetails(ContactDetailsTests.java:27)
	at sun.reflect.NativeMethodAccessorImpl.invoke0(Native Method)
	at sun.reflect.NativeMethodAccessorImpl.invoke(NativeMethodAccessorImpl.java:62)
	at sun.reflect.DelegatingMethodAccessorImpl.invoke(DelegatingMethodAccessorImpl.java:43)
	at java.lang.reflect.Method.invoke(Method.java:498)
	at org.testng.internal.MethodInvocationHelper.invokeMethod(MethodInvocationHelper.java:124)
	at org.testng.internal.Invoker.invokeMethod(Invoker.java:580)
	at org.testng.internal.Invoker.invokeTestMethod(Invoker.java:716)
	at org.testng.internal.Invoker.invokeTestMethods(Invoker.java:988)
	at org.testng.internal.TestMethodWorker.invokeTestMethods(TestMethodWorker.java:125)
	at org.testng.internal.TestMethodWorker.run(TestMethodWorker.java:109)
	at org.testng.TestRunner.privateRun(TestRunner.java:648)
	at org.testng.TestRunner.run(TestRunner.java:505)
	at org.testng.SuiteRunner.runTest(SuiteRunner.java:455)
	at org.testng.SuiteRunner.runSequentially(SuiteRunner.java:450)
	at org.testng.SuiteRunner.privateRun(SuiteRunner.java:415)
	at org.testng.SuiteRunner.run(SuiteRunner.java:364)
	at org.testng.SuiteRunnerWorker.runSuite(SuiteRunnerWorker.java:52)
	at org.testng.SuiteRunnerWorker.run(SuiteRunnerWorker.java:84)
	at org.testng.TestNG.runSuitesSequentially(TestNG.java:1208)
	at org.testng.TestNG.runSuitesLocally(TestNG.java:1137)
	at org.testng.TestNG.runSuites(TestNG.java:1049)
	at org.testng.TestNG.run(TestNG.java:1017)
	at org.apache.maven.surefire.testng.TestNGExecutor.run(TestNGExecutor.java:178)
	at org.apache.maven.surefire.testng.TestNGXmlTestSuite.execute(TestNGXmlTestSuite.java:92)
	at org.apache.maven.surefire.testng.TestNGProvider.invoke(TestNGProvider.java:96)
	at sun.reflect.NativeMethodAccessorImpl.invoke0(Native Method)
	at sun.reflect.NativeMethodAccessorImpl.invoke(NativeMethodAccessorImpl.java:62)
	at sun.reflect.DelegatingMethodAccessorImpl.invoke(DelegatingMethodAccessorImpl.java:43)
	at java.lang.reflect.Method.invoke(Method.java:498)
	at org.apache.maven.surefire.util.ReflectionUtils.invokeMethodWithArray2(ReflectionUtils.java:208)
	at org.apache.maven.surefire.booter.ProviderFactory$ProviderProxy.invoke(ProviderFactory.java:159)
	at org.apache.maven.surefire.booter.ProviderFactory.invokeProvider(ProviderFactory.java:87)
	at org.apache.maven.surefire.booter.ForkedBooter.runSuitesInProcess(ForkedBooter.java:153)
	at org.apache.maven.surefire.booter.ForkedBooter.main(ForkedBooter.java:95)
</pre></div></td>
<td>1</td>
<td>ru.maistrenko.addressbook.test.ContactDetailsTests@5ae63ade</td></tr>
</table><p>
<table width='100%' border='1' class='invocation-passed'>
<tr><td colspan='4' align='center'><b>PASSED TESTS</b></td></tr>
<tr><td><b>Test method</b></td>
<td width="30%"><b>Exception</b></td>
<td width="10%"><b>Time (seconds)</b></td>
<td><b>Instance</b></td>
</tr>
<tr>
<td title='ru.maistrenko.addressbook.test.ContactCreationTests.testBadContactCreation()'><b>testBadContactCreation</b><br>Test class: ru.maistrenko.addressbook.test.ContactCreationTests</td>
<td></td>
<td>4</td>
<td>ru.maistrenko.addressbook.test.ContactCreationTests@3dd4520b</td></tr>
<tr>
<td title='ru.maistrenko.addressbook.test.ContactCreationTests.testContactCreation()'><b>testContactCreation</b><br>Test class: ru.maistrenko.addressbook.test.ContactCreationTests<br>Parameters: ContactData{firstName='First 0', lastName='Last 0', id=153}</td>
<td></td>
<td>3</td>
<td>ru.maistrenko.addressbook.test.ContactCreationTests@3dd4520b</td></tr>
<tr>
<td title='ru.maistrenko.addressbook.test.ContactCreationTests.testContactCreation()'><b>testContactCreation</b><br>Test class: ru.maistrenko.addressbook.test.ContactCreationTests<br>Parameters: ContactData{firstName='First 1', lastName='Last 1', id=154}</td>
<td></td>
<td>3</td>
<td>ru.maistrenko.addressbook.test.ContactCreationTests@3dd4520b</td></tr>
<tr>
<td title='ru.maistrenko.addressbook.test.ContactCreationTests.testContactCreation()'><b>testContactCreation</b><br>Test class: ru.maistrenko.addressbook.test.ContactCreationTests<br>Parameters: ContactData{firstName='First 2', lastName='Last 2', id=155}</td>
<td></td>
<td>3</td>
<td>ru.maistrenko.addressbook.test.ContactCreationTests@3dd4520b</td></tr>
<tr>
<td title='ru.maistrenko.addressbook.test.ContactDeletionTests.testContactDeletion()'><b>testContactDeletion</b><br>Test class: ru.maistrenko.addressbook.test.ContactDeletionTests</td>
<td></td>
<td>1</td>
<td>ru.maistrenko.addressbook.test.ContactDeletionTests@5c5a1b69</td></tr>
<tr>
<td title='ru.maistrenko.addressbook.test.ContactPhoneTests.testContactPhone()'><b>testContactPhone</b><br>Test class: ru.maistrenko.addressbook.test.ContactPhoneTests</td>
<td></td>
<td>0</td>
<td>ru.maistrenko.addressbook.test.ContactPhoneTests@43814d18</td></tr>
</table><p>
</body>
</html>