<?xml version="1.0" encoding="UTF-8"?>
<!-- Generated by org.testng.reporters.JUnitXMLReporter -->
<testsuite hostname="LAPTOP-M7LJD1LD" ignored="8" name="Contacts" tests="8" failures="2" timestamp="06 фев 2018 16:09:11 GMT" time="38.107" errors="0">
  <testcase name="testBadContactCreation" time="4.232" classname="ru.maistrenko.addressbook.test.ContactCreationTests"/>
  <testcase name="testContactCreation" time="3.732" classname="ru.maistrenko.addressbook.test.ContactCreationTests"/>
  <testcase name="testContactCreation" time="3.327" classname="ru.maistrenko.addressbook.test.ContactCreationTests"/>
  <testcase name="testContactCreation" time="3.465" classname="ru.maistrenko.addressbook.test.ContactCreationTests"/>
  <testcase name="testContactModification" time="4.332" classname="ru.maistrenko.addressbook.test.ContactModificationTests">
    <failure type="java.lang.AssertionError" message="
Expected: &amp;lt;[ContactData{firstName=&amp;apos;First 0&amp;apos;, lastName=&amp;apos;Last 0&amp;apos;, id=153}, ContactData{firstName=&amp;apos;First 1&amp;apos;, lastName=&amp;apos;Last 1&amp;apos;, id=154}, ContactData{firstName=&amp;apos;First 2&amp;apos;, lastName=&amp;apos;Last 2&amp;apos;, id=155}, ContactData{firstName=&amp;apos;First&amp;apos;, lastName=&amp;apos;Last&amp;apos;, id=152}, ContactData{firstName=&amp;apos;modified&amp;apos;, lastName=&amp;apos;test3&amp;apos;, id=151}, ContactData{firstName=&amp;apos;modified&amp;apos;, lastName=&amp;apos;test3&amp;apos;, id=150}]&amp;gt;
     but: was &amp;lt;[ContactData{firstName=&amp;apos;First 0&amp;apos;, lastName=&amp;apos;Last 0&amp;apos;, id=151}, ContactData{firstName=&amp;apos;modified&amp;apos;, lastName=&amp;apos;test3&amp;apos;, id=152}, ContactData{firstName=&amp;apos;First 0&amp;apos;, lastName=&amp;apos;Last 0&amp;apos;, id=153}, ContactData{firstName=&amp;apos;First 1&amp;apos;, lastName=&amp;apos;Last 1&amp;apos;, id=154}, ContactData{firstName=&amp;apos;First 2&amp;apos;, lastName=&amp;apos;Last 2&amp;apos;, id=155}, ContactData{firstName=&amp;apos;modified&amp;apos;, lastName=&amp;apos;test3&amp;apos;, id=150}]&amp;gt;">
      <![CDATA[java.lang.AssertionError: 
Expected: <[ContactData{firstName='First 0', lastName='Last 0', id=153}, ContactData{firstName='First 1', lastName='Last 1', id=154}, ContactData{firstName='First 2', lastName='Last 2', id=155}, ContactData{firstName='First', lastName='Last', id=152}, ContactData{firstName='modified', lastName='test3', id=151}, ContactData{firstName='modified', lastName='test3', id=150}]>
     but: was <[ContactData{firstName='First 0', lastName='Last 0', id=151}, ContactData{firstName='modified', lastName='test3', id=152}, ContactData{firstName='First 0', lastName='Last 0', id=153}, ContactData{firstName='First 1', lastName='Last 1', id=154}, ContactData{firstName='First 2', lastName='Last 2', id=155}, ContactData{firstName='modified', lastName='test3', id=150}]>
at org.hamcrest.MatcherAssert.assertThat(MatcherAssert.java:20)
at org.hamcrest.MatcherAssert.assertThat(MatcherAssert.java:8)
at ru.maistrenko.addressbook.test.ContactModificationTests.testContactModification(ContactModificationTests.java:46)
... Removed 34 stack frames]]>
    </failure>
  </testcase> <!-- testContactModification -->
  <testcase name="testContactPhone" time="0.431" classname="ru.maistrenko.addressbook.test.ContactPhoneTests"/>
  <testcase name="testDetailsContactDetails" time="1.041" classname="ru.maistrenko.addressbook.test.ContactDetailsTests">
    <failure type="org.openqa.selenium.NoSuchElementException" message="no such element: Unable to locate element: {&amp;quot;method&amp;quot;:&amp;quot;css selector&amp;quot;,&amp;quot;selector&amp;quot;:&amp;quot;a[href=&amp;apos;view.php?id=151&amp;apos;]&amp;quot;}
  (Session info: chrome=63.0.3239.132)
  (Driver info: chromedriver=2.34.522940 (1a76f96f66e3ca7b8e57d503b4dd3bccfba87af1),platform=Windows NT 10.0.16299 x86_64) (WARNING: The server did not provide any stacktrace information)
Command duration or timeout: 1.04 seconds
For documentation on this error, please visit: http://seleniumhq.org/exceptions/no_such_element.html
Build info: version: &amp;apos;3.4.0&amp;apos;, revision: &amp;apos;unknown&amp;apos;, time: &amp;apos;unknown&amp;apos;
System info: host: &amp;apos;LAPTOP-M7LJD1LD&amp;apos;, ip: &amp;apos;192.168.1.106&amp;apos;, os.name: &amp;apos;Windows 10&amp;apos;, os.arch: &amp;apos;amd64&amp;apos;, os.version: &amp;apos;10.0&amp;apos;, java.version: &amp;apos;1.8.0_121&amp;apos;
Driver info: org.openqa.selenium.chrome.ChromeDriver
Capabilities [{applicationCacheEnabled=false, rotatable=false, mobileEmulationEnabled=false, networkConnectionEnabled=false, chrome={chromedriverVersion=2.34.522940 (1a76f96f66e3ca7b8e57d503b4dd3bccfba87af1), userDataDir=C:\Users\User\AppData\Local\Temp\scoped_dir8016_5054}, takesHeapSnapshot=true, pageLoadStrategy=normal, databaseEnabled=false, handlesAlerts=true, hasTouchScreen=false, version=63.0.3239.132, platform=XP, browserConnectionEnabled=false, nativeEvents=true, acceptSslCerts=true, locationContextEnabled=true, webStorageEnabled=true, browserName=chrome, takesScreenshot=true, javascriptEnabled=true, cssSelectorsEnabled=true, setWindowRect=true, unexpectedAlertBehaviour=}]
Session ID: ddf1a52fc5a4a9b1a25935cfd449b385
*** Element info: {Using=css selector, value=a[href=&amp;apos;view.php?id=151&amp;apos;]}">
      <![CDATA[org.openqa.selenium.NoSuchElementException: no such element: Unable to locate element: {"method":"css selector","selector":"a[href='view.php?id=151']"}
  (Session info: chrome=63.0.3239.132)
  (Driver info: chromedriver=2.34.522940 (1a76f96f66e3ca7b8e57d503b4dd3bccfba87af1),platform=Windows NT 10.0.16299 x86_64) (WARNING: The server did not provide any stacktrace information)
Command duration or timeout: 1.04 seconds
For documentation on this error, please visit: http://seleniumhq.org/exceptions/no_such_element.html
Build info: version: '3.4.0', revision: 'unknown', time: 'unknown'
System info: host: 'LAPTOP-M7LJD1LD', ip: '192.168.1.106', os.name: 'Windows 10', os.arch: 'amd64', os.version: '10.0', java.version: '1.8.0_121'
Driver info: org.openqa.selenium.chrome.ChromeDriver
Capabilities [{applicationCacheEnabled=false, rotatable=false, mobileEmulationEnabled=false, networkConnectionEnabled=false, chrome={chromedriverVersion=2.34.522940 (1a76f96f66e3ca7b8e57d503b4dd3bccfba87af1), userDataDir=C:\Users\User\AppData\Local\Temp\scoped_dir8016_5054}, takesHeapSnapshot=true, pageLoadStrategy=normal, databaseEnabled=false, handlesAlerts=true, hasTouchScreen=false, version=63.0.3239.132, platform=XP, browserConnectionEnabled=false, nativeEvents=true, acceptSslCerts=true, locationContextEnabled=true, webStorageEnabled=true, browserName=chrome, takesScreenshot=true, javascriptEnabled=true, cssSelectorsEnabled=true, setWindowRect=true, unexpectedAlertBehaviour=}]
Session ID: ddf1a52fc5a4a9b1a25935cfd449b385
*** Element info: {Using=css selector, value=a[href='view.php?id=151']}
at org.openqa.selenium.remote.ErrorHandler.createThrowable(ErrorHandler.java:215)
at org.openqa.selenium.remote.ErrorHandler.throwIfResponseFailed(ErrorHandler.java:167)
at org.openqa.selenium.remote.RemoteWebDriver.execute(RemoteWebDriver.java:671)
at org.openqa.selenium.remote.RemoteWebDriver.findElement(RemoteWebDriver.java:410)
at org.openqa.selenium.remote.RemoteWebDriver.findElementByCssSelector(RemoteWebDriver.java:501)
at org.openqa.selenium.By$ByCssSelector.findElement(By.java:430)
at org.openqa.selenium.remote.RemoteWebDriver.findElement(RemoteWebDriver.java:402)
at ru.maistrenko.addressbook.appmanager.ContactHelper.initContactDetailsById(ContactHelper.java:174)
at ru.maistrenko.addressbook.appmanager.ContactHelper.contactInfoFromDetailsForm(ContactHelper.java:156)
at ru.maistrenko.addressbook.test.ContactDetailsTests.testDetailsContactDetails(ContactDetailsTests.java:27)
... Removed 38 stack frames]]>
    </failure>
  </testcase> <!-- testDetailsContactDetails -->
  <testcase name="testContactDeletion" time="1.936" classname="ru.maistrenko.addressbook.test.ContactDeletionTests"/>
  <testcase name="@BeforeSuite setUp" time="0.0" classname="ru.maistrenko.addressbook.test.TestBase">
    <ignored/>
  </testcase> <!-- @BeforeSuite setUp -->
  <testcase name="@BeforeSuite setUp" time="0.0" classname="ru.maistrenko.addressbook.test.TestBase">
    <ignored/>
  </testcase> <!-- @BeforeSuite setUp -->
  <testcase name="@BeforeSuite setUp" time="0.0" classname="ru.maistrenko.addressbook.test.TestBase">
    <ignored/>
  </testcase> <!-- @BeforeSuite setUp -->
  <testcase name="@BeforeSuite setUp" time="0.0" classname="ru.maistrenko.addressbook.test.TestBase">
    <ignored/>
  </testcase> <!-- @BeforeSuite setUp -->
  <testcase name="@AfterSuite tearDown" time="0.0" classname="ru.maistrenko.addressbook.test.TestBase">
    <ignored/>
  </testcase> <!-- @AfterSuite tearDown -->
  <testcase name="@AfterSuite tearDown" time="0.0" classname="ru.maistrenko.addressbook.test.TestBase">
    <ignored/>
  </testcase> <!-- @AfterSuite tearDown -->
  <testcase name="@AfterSuite tearDown" time="0.0" classname="ru.maistrenko.addressbook.test.TestBase">
    <ignored/>
  </testcase> <!-- @AfterSuite tearDown -->
  <testcase name="@AfterSuite tearDown" time="0.0" classname="ru.maistrenko.addressbook.test.TestBase">
    <ignored/>
  </testcase> <!-- @AfterSuite tearDown -->
</testsuite> <!-- Contacts -->
