<?xml version="1.0" encoding="UTF-8"?>
<testng-results skipped="0" failed="2" ignored="12" total="29" passed="15">
  <reporter-output>
  </reporter-output>
  <suite name="Suite1 (0)" duration-ms="30838" started-at="2018-02-06T16:09:21Z" finished-at="2018-02-06T16:09:51Z">
    <groups>
    </groups>
    <test name="Groups" duration-ms="30838" started-at="2018-02-06T16:09:21Z" finished-at="2018-02-06T16:09:51Z">
      <class name="ru.maistrenko.addressbook.test.GroupDeletionTests">
        <test-method status="PASS" signature="ensurePreconditions()[pri:0, instance:ru.maistrenko.addressbook.test.GroupDeletionTests@4f063c0a]" name="ensurePreconditions" is-config="true" duration-ms="151" started-at="2018-02-06T16:09:49Z" finished-at="2018-02-06T16:09:49Z">
          <reporter-output>
          </reporter-output>
        </test-method> <!-- ensurePreconditions -->
        <test-method status="PASS" signature="testGroupDeletion()[pri:0, instance:ru.maistrenko.addressbook.test.GroupDeletionTests@4f063c0a]" name="testGroupDeletion" duration-ms="2153" started-at="2018-02-06T16:09:49Z" finished-at="2018-02-06T16:09:51Z">
          <reporter-output>
          </reporter-output>
        </test-method> <!-- testGroupDeletion -->
      </class> <!-- ru.maistrenko.addressbook.test.GroupDeletionTests -->
      <class name="ru.maistrenko.addressbook.test.GroupModificationTests">
        <test-method status="PASS" signature="ensurePreconditions()[pri:0, instance:ru.maistrenko.addressbook.test.GroupModificationTests@2a17b7b6]" name="ensurePreconditions" is-config="true" duration-ms="138" started-at="2018-02-06T16:09:46Z" finished-at="2018-02-06T16:09:46Z">
          <reporter-output>
          </reporter-output>
        </test-method> <!-- ensurePreconditions -->
        <test-method status="PASS" signature="testGroupModification()[pri:0, instance:ru.maistrenko.addressbook.test.GroupModificationTests@2a17b7b6]" name="testGroupModification" duration-ms="3047" started-at="2018-02-06T16:09:46Z" finished-at="2018-02-06T16:09:49Z">
          <reporter-output>
          </reporter-output>
        </test-method> <!-- testGroupModification -->
      </class> <!-- ru.maistrenko.addressbook.test.GroupModificationTests -->
      <class name="ru.maistrenko.addressbook.test.GroupCreationTests">
        <test-method status="PASS" signature="setUp()[pri:0, instance:ru.maistrenko.addressbook.test.GroupCreationTests@5d76b067]" name="setUp" is-config="true" duration-ms="6423" started-at="2018-02-06T16:09:14Z" finished-at="2018-02-06T16:09:21Z">
          <reporter-output>
          </reporter-output>
        </test-method> <!-- setUp -->
        <test-method status="PASS" signature="testBadGroupCreation(ru.maistrenko.addressbook.model.GroupData)[pri:0, instance:ru.maistrenko.addressbook.test.GroupCreationTests@5d76b067]" name="testBadGroupCreation" duration-ms="4691" started-at="2018-02-06T16:09:21Z" data-provider="invalidGroups" finished-at="2018-02-06T16:09:25Z">
          <params>
            <param index="0">
              <value>
                <![CDATA[GroupData{name='name1'', id=0}]]>
              </value>
            </param>
          </params>
          <reporter-output>
          </reporter-output>
        </test-method> <!-- testBadGroupCreation -->
        <test-method status="PASS" signature="testGroupCreation(ru.maistrenko.addressbook.model.GroupData)[pri:0, instance:ru.maistrenko.addressbook.test.GroupCreationTests@5d76b067]" name="testGroupCreation" duration-ms="3313" started-at="2018-02-06T16:09:25Z" data-provider="validGroupsFromJson" finished-at="2018-02-06T16:09:29Z">
          <params>
            <param index="0">
              <value>
                <![CDATA[GroupData{name='test0', id=145}]]>
              </value>
            </param>
          </params>
          <reporter-output>
          </reporter-output>
        </test-method> <!-- testGroupCreation -->
        <test-method status="PASS" signature="testGroupCreation(ru.maistrenko.addressbook.model.GroupData)[pri:0, instance:ru.maistrenko.addressbook.test.GroupCreationTests@5d76b067]" name="testGroupCreation" duration-ms="3254" started-at="2018-02-06T16:09:29Z" data-provider="validGroupsFromJson" finished-at="2018-02-06T16:09:32Z">
          <params>
            <param index="0">
              <value>
                <![CDATA[GroupData{name='test1', id=146}]]>
              </value>
            </param>
          </params>
          <reporter-output>
          </reporter-output>
        </test-method> <!-- testGroupCreation -->
        <test-method status="PASS" signature="testGroupCreation(ru.maistrenko.addressbook.model.GroupData)[pri:0, instance:ru.maistrenko.addressbook.test.GroupCreationTests@5d76b067]" name="testGroupCreation" duration-ms="4030" started-at="2018-02-06T16:09:32Z" data-provider="validGroupsFromJson" finished-at="2018-02-06T16:09:36Z">
          <params>
            <param index="0">
              <value>
                <![CDATA[GroupData{name='test2', id=147}]]>
              </value>
            </param>
          </params>
          <reporter-output>
          </reporter-output>
        </test-method> <!-- testGroupCreation -->
        <test-method status="PASS" signature="testGroupCreation(ru.maistrenko.addressbook.model.GroupData)[pri:0, instance:ru.maistrenko.addressbook.test.GroupCreationTests@5d76b067]" name="testGroupCreation" duration-ms="3930" started-at="2018-02-06T16:09:36Z" data-provider="validGroupsFromJson" finished-at="2018-02-06T16:09:40Z">
          <params>
            <param index="0">
              <value>
                <![CDATA[GroupData{name='test3', id=148}]]>
              </value>
            </param>
          </params>
          <reporter-output>
          </reporter-output>
        </test-method> <!-- testGroupCreation -->
        <test-method status="PASS" signature="testGroupCreation(ru.maistrenko.addressbook.model.GroupData)[pri:0, instance:ru.maistrenko.addressbook.test.GroupCreationTests@5d76b067]" name="testGroupCreation" duration-ms="3336" started-at="2018-02-06T16:09:40Z" data-provider="validGroupsFromJson" finished-at="2018-02-06T16:09:43Z">
          <params>
            <param index="0">
              <value>
                <![CDATA[GroupData{name='test4', id=149}]]>
              </value>
            </param>
          </params>
          <reporter-output>
          </reporter-output>
        </test-method> <!-- testGroupCreation -->
        <test-method status="PASS" signature="testGroupCreation(ru.maistrenko.addressbook.model.GroupData)[pri:0, instance:ru.maistrenko.addressbook.test.GroupCreationTests@5d76b067]" name="testGroupCreation" duration-ms="2736" started-at="2018-02-06T16:09:43Z" data-provider="validGroupsFromJson" finished-at="2018-02-06T16:09:46Z">
          <params>
            <param index="0">
              <value>
                <![CDATA[GroupData{name='test5', id=150}]]>
              </value>
            </param>
          </params>
          <reporter-output>
          </reporter-output>
        </test-method> <!-- testGroupCreation -->
        <test-method status="PASS" signature="tearDown()[pri:0, instance:ru.maistrenko.addressbook.test.GroupCreationTests@5d76b067]" name="tearDown" is-config="true" duration-ms="922" started-at="2018-02-06T16:09:51Z" finished-at="2018-02-06T16:09:52Z">
          <reporter-output>
          </reporter-output>
        </test-method> <!-- tearDown -->
      </class> <!-- ru.maistrenko.addressbook.test.GroupCreationTests -->
    </test> <!-- Groups -->
  </suite> <!-- Suite1 (0) -->
  <suite name="Suite1" duration-ms="38107" started-at="2018-02-06T16:08:33Z" finished-at="2018-02-06T16:09:11Z">
    <groups>
    </groups>
    <test name="Contacts" duration-ms="38107" started-at="2018-02-06T16:08:33Z" finished-at="2018-02-06T16:09:11Z">
      <class name="ru.maistrenko.addressbook.test.ContactDeletionTests">
        <test-method status="PASS" signature="ensurePrecondition()[pri:0, instance:ru.maistrenko.addressbook.test.ContactDeletionTests@5c5a1b69]" name="ensurePrecondition" is-config="true" duration-ms="1257" started-at="2018-02-06T16:09:08Z" finished-at="2018-02-06T16:09:09Z">
          <reporter-output>
          </reporter-output>
        </test-method> <!-- ensurePrecondition -->
        <test-method status="PASS" signature="testContactDeletion()[pri:0, instance:ru.maistrenko.addressbook.test.ContactDeletionTests@5c5a1b69]" name="testContactDeletion" duration-ms="1936" started-at="2018-02-06T16:09:09Z" finished-at="2018-02-06T16:09:11Z">
          <reporter-output>
          </reporter-output>
        </test-method> <!-- testContactDeletion -->
      </class> <!-- ru.maistrenko.addressbook.test.ContactDeletionTests -->
      <class name="ru.maistrenko.addressbook.test.ContactPhoneTests">
        <test-method status="PASS" signature="ensurePrecondition()[pri:0, instance:ru.maistrenko.addressbook.test.ContactPhoneTests@43814d18]" name="ensurePrecondition" is-config="true" duration-ms="15" started-at="2018-02-06T16:09:06Z" finished-at="2018-02-06T16:09:06Z">
          <reporter-output>
          </reporter-output>
        </test-method> <!-- ensurePrecondition -->
        <test-method status="PASS" signature="testContactPhone()[pri:0, instance:ru.maistrenko.addressbook.test.ContactPhoneTests@43814d18]" name="testContactPhone" duration-ms="431" started-at="2018-02-06T16:09:06Z" finished-at="2018-02-06T16:09:06Z">
          <reporter-output>
          </reporter-output>
        </test-method> <!-- testContactPhone -->
      </class> <!-- ru.maistrenko.addressbook.test.ContactPhoneTests -->
      <class name="ru.maistrenko.addressbook.test.ContactDetailsTests">
        <test-method status="PASS" signature="ensurePrecondition()[pri:0, instance:ru.maistrenko.addressbook.test.ContactDetailsTests@5ae63ade]" name="ensurePrecondition" is-config="true" duration-ms="5031" started-at="2018-02-06T16:08:33Z" finished-at="2018-02-06T16:08:38Z">
          <reporter-output>
          </reporter-output>
        </test-method> <!-- ensurePrecondition -->
        <test-method status="FAIL" signature="testDetailsContactDetails()[pri:0, instance:ru.maistrenko.addressbook.test.ContactDetailsTests@5ae63ade]" name="testDetailsContactDetails" duration-ms="1041" started-at="2018-02-06T16:09:07Z" finished-at="2018-02-06T16:09:08Z">
          <exception class="org.openqa.selenium.NoSuchElementException">
            <message>
              <![CDATA[no such element: Unable to locate element: {"method":"css selector","selector":"a[href='view.php?id=151']"}
  (Session info: chrome=63.0.3239.132)
  (Driver info: chromedriver=2.34.522940 (1a76f96f66e3ca7b8e57d503b4dd3bccfba87af1),platform=Windows NT 10.0.16299 x86_64) (WARNING: The server did not provide any stacktrace information)
Command duration or timeout: 1.04 seconds
For documentation on this error, please visit: http://seleniumhq.org/exceptions/no_such_element.html
Build info: version: '3.4.0', revision: 'unknown', time: 'unknown'
System info: host: 'LAPTOP-M7LJD1LD', ip: '192.168.1.106', os.name: 'Windows 10', os.arch: 'amd64', os.version: '10.0', java.version: '1.8.0_121'
Driver info: org.openqa.selenium.chrome.ChromeDriver
Capabilities [{applicationCacheEnabled=false, rotatable=false, mobileEmulationEnabled=false, networkConnectionEnabled=false, chrome={chromedriverVersion=2.34.522940 (1a76f96f66e3ca7b8e57d503b4dd3bccfba87af1), userDataDir=C:\Users\User\AppData\Local\Temp\scoped_dir8016_5054}, takesHeapSnapshot=true, pageLoadStrategy=normal, databaseEnabled=false, handlesAlerts=true, hasTouchScreen=false, version=63.0.3239.132, platform=XP, browserConnectionEnabled=false, nativeEvents=true, acceptSslCerts=true, locationContextEnabled=true, webStorageEnabled=true, browserName=chrome, takesScreenshot=true, javascriptEnabled=true, cssSelectorsEnabled=true, setWindowRect=true, unexpectedAlertBehaviour=}]
Session ID: ddf1a52fc5a4a9b1a25935cfd449b385
*** Element info: {Using=css selector, value=a[href='view.php?id=151']}]]>
            </message>
            <full-stacktrace>
              <![CDATA[org.openqa.selenium.NoSuchElementException: no such element: Unable to locate element: {"method":"css selector","selector":"a[href='view.php?id=151']"}
  (Session info: chrome=63.0.3239.132)
  (Driver info: chromedriver=2.34.522940 (1a76f96f66e3ca7b8e57d503b4dd3bccfba87af1),platform=Windows NT 10.0.16299 x86_64) (WARNING: The server did not provide any stacktrace information)
Command duration or timeout: 1.04 seconds
For documentation on this error, please visit: http://seleniumhq.org/exceptions/no_such_element.html
Build info: version: '3.4.0', revision: 'unknown', time: 'unknown'
System info: host: 'LAPTOP-M7LJD1LD', ip: '192.168.1.106', os.name: 'Windows 10', os.arch: 'amd64', os.version: '10.0', java.version: '1.8.0_121'
Driver info: org.openqa.selenium.chrome.ChromeDriver
Capabilities [{applicationCacheEnabled=false, rotatable=false, mobileEmulationEnabled=false, networkConnectionEnabled=false, chrome={chromedriverVersion=2.34.522940 (1a76f96f66e3ca7b8e57d503b4dd3bccfba87af1), userDataDir=C:\Users\User\AppData\Local\Temp\scoped_dir8016_5054}, takesHeapSnapshot=true, pageLoadStrategy=normal, databaseEnabled=false, handlesAlerts=true, hasTouchScreen=false, version=63.0.3239.132, platform=XP, browserConnectionEnabled=false, nativeEvents=true, acceptSslCerts=true, locationContextEnabled=true, webStorageEnabled=true, browserName=chrome, takesScreenshot=true, javascriptEnabled=true, cssSelectorsEnabled=true, setWindowRect=true, unexpectedAlertBehaviour=}]
Session ID: ddf1a52fc5a4a9b1a25935cfd449b385
*** Element info: {Using=css selector, value=a[href='view.php?id=151']}
at sun.reflect.NativeConstructorAccessorImpl.newInstance0(Native Method)
at sun.reflect.NativeConstructorAccessorImpl.newInstance(NativeConstructorAccessorImpl.java:62)
at sun.reflect.DelegatingConstructorAccessorImpl.newInstance(DelegatingConstructorAccessorImpl.java:45)
at java.lang.reflect.Constructor.newInstance(Constructor.java:423)
at org.openqa.selenium.remote.ErrorHandler.createThrowable(ErrorHandler.java:215)
at org.openqa.selenium.remote.ErrorHandler.throwIfResponseFailed(ErrorHandler.java:167)
at org.openqa.selenium.remote.RemoteWebDriver.execute(RemoteWebDriver.java:671)
at org.openqa.selenium.remote.RemoteWebDriver.findElement(RemoteWebDriver.java:410)
at org.openqa.selenium.remote.RemoteWebDriver.findElementByCssSelector(RemoteWebDriver.java:501)
at org.openqa.selenium.By$ByCssSelector.findElement(By.java:430)
at org.openqa.selenium.remote.RemoteWebDriver.findElement(RemoteWebDriver.java:402)
at ru.maistrenko.addressbook.appmanager.ContactHelper.initContactDetailsById(ContactHelper.java:174)
at ru.maistrenko.addressbook.appmanager.ContactHelper.contactInfoFromDetailsForm(ContactHelper.java:156)
at ru.maistrenko.addressbook.test.ContactDetailsTests.testDetailsContactDetails(ContactDetailsTests.java:27)
at sun.reflect.NativeMethodAccessorImpl.invoke0(Native Method)
at sun.reflect.NativeMethodAccessorImpl.invoke(NativeMethodAccessorImpl.java:62)
at sun.reflect.DelegatingMethodAccessorImpl.invoke(DelegatingMethodAccessorImpl.java:43)
at java.lang.reflect.Method.invoke(Method.java:498)
at org.testng.internal.MethodInvocationHelper.invokeMethod(MethodInvocationHelper.java:124)
at org.testng.internal.Invoker.invokeMethod(Invoker.java:580)
at org.testng.internal.Invoker.invokeTestMethod(Invoker.java:716)
at org.testng.internal.Invoker.invokeTestMethods(Invoker.java:988)
at org.testng.internal.TestMethodWorker.invokeTestMethods(TestMethodWorker.java:125)
at org.testng.internal.TestMethodWorker.run(TestMethodWorker.java:109)
at org.testng.TestRunner.privateRun(TestRunner.java:648)
at org.testng.TestRunner.run(TestRunner.java:505)
at org.testng.SuiteRunner.runTest(SuiteRunner.java:455)
at org.testng.SuiteRunner.runSequentially(SuiteRunner.java:450)
at org.testng.SuiteRunner.privateRun(SuiteRunner.java:415)
at org.testng.SuiteRunner.run(SuiteRunner.java:364)
at org.testng.SuiteRunnerWorker.runSuite(SuiteRunnerWorker.java:52)
at org.testng.SuiteRunnerWorker.run(SuiteRunnerWorker.java:84)
at org.testng.TestNG.runSuitesSequentially(TestNG.java:1208)
at org.testng.TestNG.runSuitesLocally(TestNG.java:1137)
at org.testng.TestNG.runSuites(TestNG.java:1049)
at org.testng.TestNG.run(TestNG.java:1017)
at org.apache.maven.surefire.testng.TestNGExecutor.run(TestNGExecutor.java:178)
at org.apache.maven.surefire.testng.TestNGXmlTestSuite.execute(TestNGXmlTestSuite.java:92)
at org.apache.maven.surefire.testng.TestNGProvider.invoke(TestNGProvider.java:96)
at sun.reflect.NativeMethodAccessorImpl.invoke0(Native Method)
at sun.reflect.NativeMethodAccessorImpl.invoke(NativeMethodAccessorImpl.java:62)
at sun.reflect.DelegatingMethodAccessorImpl.invoke(DelegatingMethodAccessorImpl.java:43)
at java.lang.reflect.Method.invoke(Method.java:498)
at org.apache.maven.surefire.util.ReflectionUtils.invokeMethodWithArray2(ReflectionUtils.java:208)
at org.apache.maven.surefire.booter.ProviderFactory$ProviderProxy.invoke(ProviderFactory.java:159)
at org.apache.maven.surefire.booter.ProviderFactory.invokeProvider(ProviderFactory.java:87)
at org.apache.maven.surefire.booter.ForkedBooter.runSuitesInProcess(ForkedBooter.java:153)
at org.apache.maven.surefire.booter.ForkedBooter.main(ForkedBooter.java:95)
]]>
            </full-stacktrace>
          </exception> <!-- org.openqa.selenium.NoSuchElementException -->
          <reporter-output>
          </reporter-output>
        </test-method> <!-- testDetailsContactDetails -->
      </class> <!-- ru.maistrenko.addressbook.test.ContactDetailsTests -->
      <class name="ru.maistrenko.addressbook.test.ContactModificationTests">
        <test-method status="PASS" signature="ensurePrecondition()[pri:0, instance:ru.maistrenko.addressbook.test.ContactModificationTests@610694f1]" name="ensurePrecondition" is-config="true" duration-ms="15" started-at="2018-02-06T16:09:02Z" finished-at="2018-02-06T16:09:02Z">
          <reporter-output>
          </reporter-output>
        </test-method> <!-- ensurePrecondition -->
        <test-method status="FAIL" signature="testContactModification()[pri:0, instance:ru.maistrenko.addressbook.test.ContactModificationTests@610694f1]" name="testContactModification" duration-ms="4332" started-at="2018-02-06T16:09:02Z" finished-at="2018-02-06T16:09:06Z">
          <exception class="java.lang.AssertionError">
            <message>
              <![CDATA[
Expected: <[ContactData{firstName='First 0', lastName='Last 0', id=153}, ContactData{firstName='First 1', lastName='Last 1', id=154}, ContactData{firstName='First 2', lastName='Last 2', id=155}, ContactData{firstName='First', lastName='Last', id=152}, ContactData{firstName='modified', lastName='test3', id=151}, ContactData{firstName='modified', lastName='test3', id=150}]>
     but: was <[ContactData{firstName='First 0', lastName='Last 0', id=151}, ContactData{firstName='modified', lastName='test3', id=152}, ContactData{firstName='First 0', lastName='Last 0', id=153}, ContactData{firstName='First 1', lastName='Last 1', id=154}, ContactData{firstName='First 2', lastName='Last 2', id=155}, ContactData{firstName='modified', lastName='test3', id=150}]>]]>
            </message>
            <full-stacktrace>
              <![CDATA[java.lang.AssertionError: 
Expected: <[ContactData{firstName='First 0', lastName='Last 0', id=153}, ContactData{firstName='First 1', lastName='Last 1', id=154}, ContactData{firstName='First 2', lastName='Last 2', id=155}, ContactData{firstName='First', lastName='Last', id=152}, ContactData{firstName='modified', lastName='test3', id=151}, ContactData{firstName='modified', lastName='test3', id=150}]>
     but: was <[ContactData{firstName='First 0', lastName='Last 0', id=151}, ContactData{firstName='modified', lastName='test3', id=152}, ContactData{firstName='First 0', lastName='Last 0', id=153}, ContactData{firstName='First 1', lastName='Last 1', id=154}, ContactData{firstName='First 2', lastName='Last 2', id=155}, ContactData{firstName='modified', lastName='test3', id=150}]>
at org.hamcrest.MatcherAssert.assertThat(MatcherAssert.java:20)
at org.hamcrest.MatcherAssert.assertThat(MatcherAssert.java:8)
at ru.maistrenko.addressbook.test.ContactModificationTests.testContactModification(ContactModificationTests.java:46)
at sun.reflect.NativeMethodAccessorImpl.invoke0(Native Method)
at sun.reflect.NativeMethodAccessorImpl.invoke(NativeMethodAccessorImpl.java:62)
at sun.reflect.DelegatingMethodAccessorImpl.invoke(DelegatingMethodAccessorImpl.java:43)
at java.lang.reflect.Method.invoke(Method.java:498)
at org.testng.internal.MethodInvocationHelper.invokeMethod(MethodInvocationHelper.java:124)
at org.testng.internal.Invoker.invokeMethod(Invoker.java:580)
at org.testng.internal.Invoker.invokeTestMethod(Invoker.java:716)
at org.testng.internal.Invoker.invokeTestMethods(Invoker.java:988)
at org.testng.internal.TestMethodWorker.invokeTestMethods(TestMethodWorker.java:125)
at org.testng.internal.TestMethodWorker.run(TestMethodWorker.java:109)
at org.testng.TestRunner.privateRun(TestRunner.java:648)
at org.testng.TestRunner.run(TestRunner.java:505)
at org.testng.SuiteRunner.runTest(SuiteRunner.java:455)
at org.testng.SuiteRunner.runSequentially(SuiteRunner.java:450)
at org.testng.SuiteRunner.privateRun(SuiteRunner.java:415)
at org.testng.SuiteRunner.run(SuiteRunner.java:364)
at org.testng.SuiteRunnerWorker.runSuite(SuiteRunnerWorker.java:52)
at org.testng.SuiteRunnerWorker.run(SuiteRunnerWorker.java:84)
at org.testng.TestNG.runSuitesSequentially(TestNG.java:1208)
at org.testng.TestNG.runSuitesLocally(TestNG.java:1137)
at org.testng.TestNG.runSuites(TestNG.java:1049)
at org.testng.TestNG.run(TestNG.java:1017)
at org.apache.maven.surefire.testng.TestNGExecutor.run(TestNGExecutor.java:178)
at org.apache.maven.surefire.testng.TestNGXmlTestSuite.execute(TestNGXmlTestSuite.java:92)
at org.apache.maven.surefire.testng.TestNGProvider.invoke(TestNGProvider.java:96)
at sun.reflect.NativeMethodAccessorImpl.invoke0(Native Method)
at sun.reflect.NativeMethodAccessorImpl.invoke(NativeMethodAccessorImpl.java:62)
at sun.reflect.DelegatingMethodAccessorImpl.invoke(DelegatingMethodAccessorImpl.java:43)
at java.lang.reflect.Method.invoke(Method.java:498)
at org.apache.maven.surefire.util.ReflectionUtils.invokeMethodWithArray2(ReflectionUtils.java:208)
at org.apache.maven.surefire.booter.ProviderFactory$ProviderProxy.invoke(ProviderFactory.java:159)
at org.apache.maven.surefire.booter.ProviderFactory.invokeProvider(ProviderFactory.java:87)
at org.apache.maven.surefire.booter.ForkedBooter.runSuitesInProcess(ForkedBooter.java:153)
at org.apache.maven.surefire.booter.ForkedBooter.main(ForkedBooter.java:95)
]]>
            </full-stacktrace>
          </exception> <!-- java.lang.AssertionError -->
          <reporter-output>
          </reporter-output>
        </test-method> <!-- testContactModification -->
      </class> <!-- ru.maistrenko.addressbook.test.ContactModificationTests -->
      <class name="ru.maistrenko.addressbook.test.ContactCreationTests">
        <test-method status="PASS" signature="setUp()[pri:0, instance:ru.maistrenko.addressbook.test.ContactCreationTests@3dd4520b]" name="setUp" is-config="true" duration-ms="9289" started-at="2018-02-06T16:08:23Z" finished-at="2018-02-06T16:08:33Z">
          <reporter-output>
          </reporter-output>
        </test-method> <!-- setUp -->
        <test-method status="PASS" signature="ensurePrecondition()[pri:0, instance:ru.maistrenko.addressbook.test.ContactCreationTests@3dd4520b]" name="ensurePrecondition" is-config="true" duration-ms="2903" started-at="2018-02-06T16:08:38Z" finished-at="2018-02-06T16:08:41Z">
          <reporter-output>
          </reporter-output>
        </test-method> <!-- ensurePrecondition -->
        <test-method status="PASS" signature="testBadContactCreation()[pri:0, instance:ru.maistrenko.addressbook.test.ContactCreationTests@3dd4520b]" name="testBadContactCreation" duration-ms="4232" started-at="2018-02-06T16:08:41Z" finished-at="2018-02-06T16:08:45Z">
          <reporter-output>
          </reporter-output>
        </test-method> <!-- testBadContactCreation -->
        <test-method status="PASS" signature="ensurePrecondition()[pri:0, instance:ru.maistrenko.addressbook.test.ContactCreationTests@3dd4520b]" name="ensurePrecondition" is-config="true" duration-ms="3491" started-at="2018-02-06T16:08:45Z" finished-at="2018-02-06T16:08:48Z">
          <reporter-output>
          </reporter-output>
        </test-method> <!-- ensurePrecondition -->
        <test-method status="PASS" signature="testContactCreation(ru.maistrenko.addressbook.model.ContactData)[pri:0, instance:ru.maistrenko.addressbook.test.ContactCreationTests@3dd4520b]" name="testContactCreation" duration-ms="3732" started-at="2018-02-06T16:08:48Z" data-provider="validContactsFromJson" finished-at="2018-02-06T16:08:52Z">
          <params>
            <param index="0">
              <value>
                <![CDATA[ContactData{firstName='First 0', lastName='Last 0', id=153}]]>
              </value>
            </param>
          </params>
          <reporter-output>
          </reporter-output>
        </test-method> <!-- testContactCreation -->
        <test-method status="PASS" signature="ensurePrecondition()[pri:0, instance:ru.maistrenko.addressbook.test.ContactCreationTests@3dd4520b]" name="ensurePrecondition" is-config="true" duration-ms="1384" started-at="2018-02-06T16:08:52Z" finished-at="2018-02-06T16:08:54Z">
          <reporter-output>
          </reporter-output>
        </test-method> <!-- ensurePrecondition -->
        <test-method status="PASS" signature="testContactCreation(ru.maistrenko.addressbook.model.ContactData)[pri:0, instance:ru.maistrenko.addressbook.test.ContactCreationTests@3dd4520b]" name="testContactCreation" duration-ms="3327" started-at="2018-02-06T16:08:54Z" data-provider="validContactsFromJson" finished-at="2018-02-06T16:08:57Z">
          <params>
            <param index="0">
              <value>
                <![CDATA[ContactData{firstName='First 1', lastName='Last 1', id=154}]]>
              </value>
            </param>
          </params>
          <reporter-output>
          </reporter-output>
        </test-method> <!-- testContactCreation -->
        <test-method status="PASS" signature="ensurePrecondition()[pri:0, instance:ru.maistrenko.addressbook.test.ContactCreationTests@3dd4520b]" name="ensurePrecondition" is-config="true" duration-ms="1376" started-at="2018-02-06T16:08:57Z" finished-at="2018-02-06T16:08:58Z">
          <reporter-output>
          </reporter-output>
        </test-method> <!-- ensurePrecondition -->
        <test-method status="PASS" signature="testContactCreation(ru.maistrenko.addressbook.model.ContactData)[pri:0, instance:ru.maistrenko.addressbook.test.ContactCreationTests@3dd4520b]" name="testContactCreation" duration-ms="3465" started-at="2018-02-06T16:08:58Z" data-provider="validContactsFromJson" finished-at="2018-02-06T16:09:02Z">
          <params>
            <param index="0">
              <value>
                <![CDATA[ContactData{firstName='First 2', lastName='Last 2', id=155}]]>
              </value>
            </param>
          </params>
          <reporter-output>
          </reporter-output>
        </test-method> <!-- testContactCreation -->
        <test-method status="PASS" signature="tearDown()[pri:0, instance:ru.maistrenko.addressbook.test.ContactCreationTests@3dd4520b]" name="tearDown" is-config="true" duration-ms="3039" started-at="2018-02-06T16:09:11Z" finished-at="2018-02-06T16:09:14Z">
          <reporter-output>
          </reporter-output>
        </test-method> <!-- tearDown -->
      </class> <!-- ru.maistrenko.addressbook.test.ContactCreationTests -->
    </test> <!-- Contacts -->
  </suite> <!-- Suite1 -->
</testng-results>
