-------------------------------------------------------------------------------
Test set: TestSuite
-------------------------------------------------------------------------------
Tests run: 17, Failures: 2, Errors: 0, Skipped: 0, Time elapsed: 90.196 sec <<< FAILURE!
testContactModification(ru.maistrenko.addressbook.test.ContactModificationTests)  Time elapsed: 4.348 sec  <<< FAILURE!
java.lang.AssertionError: 
Expected: <[ContactData{firstName='First 0', lastName='Last 0', id=153}, ContactData{firstName='First 1', lastName='Last 1', id=154}, ContactData{firstName='First 2', lastName='Last 2', id=155}, ContactData{firstName='First', lastName='Last', id=152}, ContactData{firstName='modified', lastName='test3', id=151}, ContactData{firstName='modified', lastName='test3', id=150}]>
     but: was <[ContactData{firstName='First 0', lastName='Last 0', id=151}, ContactData{firstName='modified', lastName='test3', id=152}, ContactData{firstName='First 0', lastName='Last 0', id=153}, ContactData{firstName='First 1', lastName='Last 1', id=154}, ContactData{firstName='First 2', lastName='Last 2', id=155}, ContactData{firstName='modified', lastName='test3', id=150}]>
	at org.hamcrest.MatcherAssert.assertThat(MatcherAssert.java:20)
	at org.hamcrest.MatcherAssert.assertThat(MatcherAssert.java:8)
	at ru.maistrenko.addressbook.test.ContactModificationTests.testContactModification(ContactModificationTests.java:46)

testDetailsContactDetails(ru.maistrenko.addressbook.test.ContactDetailsTests)  Time elapsed: 1.112 sec  <<< FAILURE!
org.openqa.selenium.NoSuchElementException: no such element: Unable to locate element: {"method":"css selector","selector":"a[href='view.php?id=151']"}
  (Session info: chrome=63.0.3239.132)
  (Driver info: chromedriver=2.34.522940 (1a76f96f66e3ca7b8e57d503b4dd3bccfba87af1),platform=Windows NT 10.0.16299 x86_64) (WARNING: The server did not provide any stacktrace information)
Command duration or timeout: 1.04 seconds
For documentation on this error, please visit: http://seleniumhq.org/exceptions/no_such_element.html
Build info: version: '3.4.0', revision: 'unknown', time: 'unknown'
System info: host: 'LAPTOP-M7LJD1LD', ip: '192.168.1.106', os.name: 'Windows 10', os.arch: 'amd64', os.version: '10.0', java.version: '1.8.0_121'
Driver info: org.openqa.selenium.chrome.ChromeDriver
Capabilities [{applicationCacheEnabled=false, rotatable=false, mobileEmulationEnabled=false, networkConnectionEnabled=false, chrome={chromedriverVersion=2.34.522940 (1a76f96f66e3ca7b8e57d503b4dd3bccfba87af1), userDataDir=C:\Users\User\AppData\Local\Temp\scoped_dir8016_5054}, takesHeapSnapshot=true, pageLoadStrategy=normal, databaseEnabled=false, handlesAlerts=true, hasTouchScreen=false, version=63.0.3239.132, platform=XP, browserConnectionEnabled=false, nativeEvents=true, acceptSslCerts=true, locationContextEnabled=true, webStorageEnabled=true, browserName=chrome, takesScreenshot=true, javascriptEnabled=true, cssSelectorsEnabled=true, setWindowRect=true, unexpectedAlertBehaviour=}]
Session ID: ddf1a52fc5a4a9b1a25935cfd449b385
*** Element info: {Using=css selector, value=a[href='view.php?id=151']}
	at sun.reflect.NativeConstructorAccessorImpl.newInstance0(Native Method)
	at sun.reflect.NativeConstructorAccessorImpl.newInstance(NativeConstructorAccessorImpl.java:62)
	at sun.reflect.DelegatingConstructorAccessorImpl.newInstance(DelegatingConstructorAccessorImpl.java:45)
	at java.lang.reflect.Constructor.newInstance(Constructor.java:423)
	at org.openqa.selenium.remote.ErrorHandler.createThrowable(ErrorHandler.java:215)
	at org.openqa.selenium.remote.ErrorHandler.throwIfResponseFailed(ErrorHandler.java:167)
	at org.openqa.selenium.remote.RemoteWebDriver.execute(RemoteWebDriver.java:671)
	at org.openqa.selenium.remote.RemoteWebDriver.findElement(RemoteWebDriver.java:410)
	at org.openqa.selenium.remote.RemoteWebDriver.findElementByCssSelector(RemoteWebDriver.java:501)
	at org.openqa.selenium.By$ByCssSelector.findElement(By.java:430)
	at org.openqa.selenium.remote.RemoteWebDriver.findElement(RemoteWebDriver.java:402)
	at ru.maistrenko.addressbook.appmanager.ContactHelper.initContactDetailsById(ContactHelper.java:174)
	at ru.maistrenko.addressbook.appmanager.ContactHelper.contactInfoFromDetailsForm(ContactHelper.java:156)
	at ru.maistrenko.addressbook.test.ContactDetailsTests.testDetailsContactDetails(ContactDetailsTests.java:27)

