<?xml version="1.0" encoding="UTF-8" standalone="yes"?>
<ns2:test-suite xmlns:ns2="urn:model.allure.qatools.yandex.ru" start="1520256329708" stop="1520256553858">
    <name>Gradle suite</name>
    <test-cases>
        <test-case start="1520256423357" stop="1520256459365" status="passed">
            <name>testContactAddAndRemoveFromGroup</name>
            <steps/>
            <attachments/>
            <labels/>
        </test-case>
        <test-case start="1520256459532" stop="1520256459540" status="canceled">
            <name>testBadContactCreation</name>
            <failure>
                <message>RuntimeException: java.util.NoSuchElementException</message>
                <stack-trace>java.lang.RuntimeException: java.util.NoSuchElementException
	at org.testng.internal.MethodInvocationHelper.invokeMethodNoCheckedException(MethodInvocationHelper.java:49)
	at org.testng.internal.MethodInvocationHelper.invokeDataProvider(MethodInvocationHelper.java:131)
	at org.testng.internal.Parameters.handleParameters(Parameters.java:706)
	at org.testng.internal.ParameterHandler.handleParameters(ParameterHandler.java:49)
	at org.testng.internal.ParameterHandler.createParameters(ParameterHandler.java:37)
	at org.testng.internal.Invoker.invokeTestMethods(Invoker.java:923)
	at org.testng.internal.TestMethodWorker.invokeTestMethods(TestMethodWorker.java:125)
	at org.testng.internal.TestMethodWorker.run(TestMethodWorker.java:109)
	at org.testng.TestRunner.privateRun(TestRunner.java:648)
	at org.testng.TestRunner.run(TestRunner.java:505)
	at org.testng.SuiteRunner.runTest(SuiteRunner.java:455)
	at org.testng.SuiteRunner.runSequentially(SuiteRunner.java:450)
	at org.testng.SuiteRunner.privateRun(SuiteRunner.java:415)
	at org.testng.SuiteRunner.run(SuiteRunner.java:364)
	at org.testng.SuiteRunnerWorker.runSuite(SuiteRunnerWorker.java:52)
	at org.testng.SuiteRunnerWorker.run(SuiteRunnerWorker.java:84)
	at org.testng.TestNG.runSuitesSequentially(TestNG.java:1208)
	at org.testng.TestNG.runSuitesLocally(TestNG.java:1137)
	at org.testng.TestNG.runSuites(TestNG.java:1049)
	at org.testng.TestNG.run(TestNG.java:1017)
	at org.gradle.api.internal.tasks.testing.testng.TestNGTestClassProcessor.runTests(TestNGTestClassProcessor.java:134)
	at org.gradle.api.internal.tasks.testing.testng.TestNGTestClassProcessor.stop(TestNGTestClassProcessor.java:88)
	at org.gradle.api.internal.tasks.testing.SuiteTestClassProcessor.stop(SuiteTestClassProcessor.java:61)
	at sun.reflect.NativeMethodAccessorImpl.invoke0(Native Method)
	at sun.reflect.NativeMethodAccessorImpl.invoke(NativeMethodAccessorImpl.java:62)
	at sun.reflect.DelegatingMethodAccessorImpl.invoke(DelegatingMethodAccessorImpl.java:43)
	at java.lang.reflect.Method.invoke(Method.java:498)
	at org.gradle.internal.dispatch.ReflectionDispatch.dispatch(ReflectionDispatch.java:35)
	at org.gradle.internal.dispatch.ReflectionDispatch.dispatch(ReflectionDispatch.java:24)
	at org.gradle.internal.dispatch.ContextClassLoaderDispatch.dispatch(ContextClassLoaderDispatch.java:32)
	at org.gradle.internal.dispatch.ProxyDispatchAdapter$DispatchingInvocationHandler.invoke(ProxyDispatchAdapter.java:93)
	at com.sun.proxy.$Proxy1.stop(Unknown Source)
	at org.gradle.api.internal.tasks.testing.worker.TestWorker.stop(TestWorker.java:123)
	at sun.reflect.NativeMethodAccessorImpl.invoke0(Native Method)
	at sun.reflect.NativeMethodAccessorImpl.invoke(NativeMethodAccessorImpl.java:62)
	at sun.reflect.DelegatingMethodAccessorImpl.invoke(DelegatingMethodAccessorImpl.java:43)
	at java.lang.reflect.Method.invoke(Method.java:498)
	at org.gradle.internal.dispatch.ReflectionDispatch.dispatch(ReflectionDispatch.java:35)
	at org.gradle.internal.dispatch.ReflectionDispatch.dispatch(ReflectionDispatch.java:24)
	at org.gradle.internal.remote.internal.hub.MessageHubBackedObjectConnection$DispatchWrapper.dispatch(MessageHubBackedObjectConnection.java:146)
	at org.gradle.internal.remote.internal.hub.MessageHubBackedObjectConnection$DispatchWrapper.dispatch(MessageHubBackedObjectConnection.java:128)
	at org.gradle.internal.remote.internal.hub.MessageHub$Handler.run(MessageHub.java:404)
	at org.gradle.internal.concurrent.ExecutorPolicy$CatchAndRecordFailures.onExecute(ExecutorPolicy.java:63)
	at org.gradle.internal.concurrent.ManagedExecutorImpl$1.run(ManagedExecutorImpl.java:46)
	at java.util.concurrent.ThreadPoolExecutor.runWorker(ThreadPoolExecutor.java:1142)
	at java.util.concurrent.ThreadPoolExecutor$Worker.run(ThreadPoolExecutor.java:617)
	at org.gradle.internal.concurrent.ThreadFactoryImpl$ManagedThreadRunnable.run(ThreadFactoryImpl.java:55)
	at java.lang.Thread.run(Thread.java:745)
Caused by: java.util.NoSuchElementException
	at java.util.HashMap$HashIterator.nextNode(HashMap.java:1439)
	at java.util.HashMap$KeyIterator.next(HashMap.java:1461)
	at ru.maistrenko.addressbook.test.ContactCreationTests.invalidContactWithPhoto(ContactCreationTests.java:85)
	at sun.reflect.NativeMethodAccessorImpl.invoke0(Native Method)
	at sun.reflect.NativeMethodAccessorImpl.invoke(NativeMethodAccessorImpl.java:62)
	at sun.reflect.DelegatingMethodAccessorImpl.invoke(DelegatingMethodAccessorImpl.java:43)
	at java.lang.reflect.Method.invoke(Method.java:498)
	at org.testng.internal.MethodInvocationHelper.invokeMethod(MethodInvocationHelper.java:124)
	at org.testng.internal.MethodInvocationHelper.invokeMethod(MethodInvocationHelper.java:74)
	at org.testng.internal.MethodInvocationHelper.invokeMethodNoCheckedException(MethodInvocationHelper.java:45)
	... 47 more
</stack-trace>
            </failure>
            <steps/>
            <attachments/>
            <labels/>
        </test-case>
        <test-case start="1520256459964" stop="1520256515606" status="passed">
            <name>testContactCreation[ContactData{groups=[], firstName='First 0', lastName='Last 0', id=0}]</name>
            <steps/>
            <attachments/>
            <labels/>
        </test-case>
        <test-case start="1520256515726" stop="1520256531320" status="passed">
            <name>testContactDeletion</name>
            <steps/>
            <attachments/>
            <labels/>
        </test-case>
        <test-case start="1520256531320" stop="1520256531576" status="passed">
            <name>testDetailsContactDetails</name>
            <steps/>
            <attachments/>
            <labels/>
        </test-case>
        <test-case start="1520256532851" stop="1520256537191" status="failed">
            <name>testContactModification</name>
            <failure>
                <message>AssertionError: 
Expected: &lt;[ContactData{groups=[], firstName='modified', lastName='test3', id=252}, ContactData{groups=[], firstName='First 0', lastName='Last 0', id=262}, ContactData{groups=[], firstName='modified', lastName='test3', id=258}, ContactData{groups=[], firstName='First 0', lastName='Last 0', id=250}, ContactData{groups=[], firstName='modified', lastName='test3', id=251}, ContactData{groups=[], firstName='modified', lastName='test3', id=256}, ContactData{groups=[], firstName='modified', lastName='test3', id=261}, ContactData{groups=[], firstName='modified', lastName='test3', id=244}, ContactData{groups=[], firstName='First 0', lastName='Last 0', id=254}, ContactData{groups=[], firstName='First 0', lastName='Last 0', id=245}, ContactData{groups=[], firstName='First 0', lastName='Last 0', id=260}]&gt;
     but: was &lt;[ContactData{groups=[], firstName='First 0', lastName='Last 0', id=250}, ContactData{groups=[], firstName='modified', lastName='test3', id=244}, ContactData{groups=[], firstName='First 0', lastName='Last 0', id=245}, ContactData{groups=[], firstName='First 0', lastName='Last 0', id=262}, ContactData{groups=[], firstName='modified', lastName='test3', id=258}, ContactData{groups=[], firstName='modified', lastName='test3', id=251}, ContactData{groups=[], firstName='modified', lastName='test3', id=256}, ContactData{groups=[], firstName='First 0', lastName='Last 0', id=254}, ContactData{groups=[], firstName='First', lastName='Last', id=261}, ContactData{groups=[], firstName='First 0', lastName='Last 0', id=260}, ContactData{groups=[], firstName='modified', lastName='test3', id=252}]&gt;</message>
                <stack-trace>java.lang.AssertionError: 
Expected: &lt;[ContactData{groups=[], firstName='modified', lastName='test3', id=252}, ContactData{groups=[], firstName='First 0', lastName='Last 0', id=262}, ContactData{groups=[], firstName='modified', lastName='test3', id=258}, ContactData{groups=[], firstName='First 0', lastName='Last 0', id=250}, ContactData{groups=[], firstName='modified', lastName='test3', id=251}, ContactData{groups=[], firstName='modified', lastName='test3', id=256}, ContactData{groups=[], firstName='modified', lastName='test3', id=261}, ContactData{groups=[], firstName='modified', lastName='test3', id=244}, ContactData{groups=[], firstName='First 0', lastName='Last 0', id=254}, ContactData{groups=[], firstName='First 0', lastName='Last 0', id=245}, ContactData{groups=[], firstName='First 0', lastName='Last 0', id=260}]&gt;
     but: was &lt;[ContactData{groups=[], firstName='First 0', lastName='Last 0', id=250}, ContactData{groups=[], firstName='modified', lastName='test3', id=244}, ContactData{groups=[], firstName='First 0', lastName='Last 0', id=245}, ContactData{groups=[], firstName='First 0', lastName='Last 0', id=262}, ContactData{groups=[], firstName='modified', lastName='test3', id=258}, ContactData{groups=[], firstName='modified', lastName='test3', id=251}, ContactData{groups=[], firstName='modified', lastName='test3', id=256}, ContactData{groups=[], firstName='First 0', lastName='Last 0', id=254}, ContactData{groups=[], firstName='First', lastName='Last', id=261}, ContactData{groups=[], firstName='First 0', lastName='Last 0', id=260}, ContactData{groups=[], firstName='modified', lastName='test3', id=252}]&gt;
	at org.hamcrest.MatcherAssert.assertThat(MatcherAssert.java:18)
	at org.hamcrest.MatcherAssert.assertThat(MatcherAssert.java:6)
	at ru.maistrenko.addressbook.test.ContactModificationTests.testContactModification(ContactModificationTests.java:45)
	at sun.reflect.NativeMethodAccessorImpl.invoke0(Native Method)
	at sun.reflect.NativeMethodAccessorImpl.invoke(NativeMethodAccessorImpl.java:62)
	at sun.reflect.DelegatingMethodAccessorImpl.invoke(DelegatingMethodAccessorImpl.java:43)
	at java.lang.reflect.Method.invoke(Method.java:498)
	at org.testng.internal.MethodInvocationHelper.invokeMethod(MethodInvocationHelper.java:124)
	at org.testng.internal.Invoker.invokeMethod(Invoker.java:580)
	at org.testng.internal.Invoker.invokeTestMethod(Invoker.java:716)
	at org.testng.internal.Invoker.invokeTestMethods(Invoker.java:988)
	at org.testng.internal.TestMethodWorker.invokeTestMethods(TestMethodWorker.java:125)
	at org.testng.internal.TestMethodWorker.run(TestMethodWorker.java:109)
	at org.testng.TestRunner.privateRun(TestRunner.java:648)
	at org.testng.TestRunner.run(TestRunner.java:505)
	at org.testng.SuiteRunner.runTest(SuiteRunner.java:455)
	at org.testng.SuiteRunner.runSequentially(SuiteRunner.java:450)
	at org.testng.SuiteRunner.privateRun(SuiteRunner.java:415)
	at org.testng.SuiteRunner.run(SuiteRunner.java:364)
	at org.testng.SuiteRunnerWorker.runSuite(SuiteRunnerWorker.java:52)
	at org.testng.SuiteRunnerWorker.run(SuiteRunnerWorker.java:84)
	at org.testng.TestNG.runSuitesSequentially(TestNG.java:1208)
	at org.testng.TestNG.runSuitesLocally(TestNG.java:1137)
	at org.testng.TestNG.runSuites(TestNG.java:1049)
	at org.testng.TestNG.run(TestNG.java:1017)
	at org.gradle.api.internal.tasks.testing.testng.TestNGTestClassProcessor.runTests(TestNGTestClassProcessor.java:134)
	at org.gradle.api.internal.tasks.testing.testng.TestNGTestClassProcessor.stop(TestNGTestClassProcessor.java:88)
	at org.gradle.api.internal.tasks.testing.SuiteTestClassProcessor.stop(SuiteTestClassProcessor.java:61)
	at sun.reflect.NativeMethodAccessorImpl.invoke0(Native Method)
	at sun.reflect.NativeMethodAccessorImpl.invoke(NativeMethodAccessorImpl.java:62)
	at sun.reflect.DelegatingMethodAccessorImpl.invoke(DelegatingMethodAccessorImpl.java:43)
	at java.lang.reflect.Method.invoke(Method.java:498)
	at org.gradle.internal.dispatch.ReflectionDispatch.dispatch(ReflectionDispatch.java:35)
	at org.gradle.internal.dispatch.ReflectionDispatch.dispatch(ReflectionDispatch.java:24)
	at org.gradle.internal.dispatch.ContextClassLoaderDispatch.dispatch(ContextClassLoaderDispatch.java:32)
	at org.gradle.internal.dispatch.ProxyDispatchAdapter$DispatchingInvocationHandler.invoke(ProxyDispatchAdapter.java:93)
	at com.sun.proxy.$Proxy1.stop(Unknown Source)
	at org.gradle.api.internal.tasks.testing.worker.TestWorker.stop(TestWorker.java:123)
	at sun.reflect.NativeMethodAccessorImpl.invoke0(Native Method)
	at sun.reflect.NativeMethodAccessorImpl.invoke(NativeMethodAccessorImpl.java:62)
	at sun.reflect.DelegatingMethodAccessorImpl.invoke(DelegatingMethodAccessorImpl.java:43)
	at java.lang.reflect.Method.invoke(Method.java:498)
	at org.gradle.internal.dispatch.ReflectionDispatch.dispatch(ReflectionDispatch.java:35)
	at org.gradle.internal.dispatch.ReflectionDispatch.dispatch(ReflectionDispatch.java:24)
	at org.gradle.internal.remote.internal.hub.MessageHubBackedObjectConnection$DispatchWrapper.dispatch(MessageHubBackedObjectConnection.java:146)
	at org.gradle.internal.remote.internal.hub.MessageHubBackedObjectConnection$DispatchWrapper.dispatch(MessageHubBackedObjectConnection.java:128)
	at org.gradle.internal.remote.internal.hub.MessageHub$Handler.run(MessageHub.java:404)
	at org.gradle.internal.concurrent.ExecutorPolicy$CatchAndRecordFailures.onExecute(ExecutorPolicy.java:63)
	at org.gradle.internal.concurrent.ManagedExecutorImpl$1.run(ManagedExecutorImpl.java:46)
	at java.util.concurrent.ThreadPoolExecutor.runWorker(ThreadPoolExecutor.java:1142)
	at java.util.concurrent.ThreadPoolExecutor$Worker.run(ThreadPoolExecutor.java:617)
	at org.gradle.internal.concurrent.ThreadFactoryImpl$ManagedThreadRunnable.run(ThreadFactoryImpl.java:55)
	at java.lang.Thread.run(Thread.java:745)
</stack-trace>
            </failure>
            <steps/>
            <attachments>
                <attachment title="Page screenshot" source="4486f33ec9b79e05134a651cdbf58c8cccf4a1b050cc8e8457b9d5f301048d95-attachment.png" type="image/png" size="85610"/>
            </attachments>
            <labels/>
        </test-case>
        <test-case start="1520256539662" stop="1520256541053" status="broken">
            <name>testContactPhone</name>
            <failure>
                <message>NoSuchElementException: no such element: Unable to locate element: {"method":"xpath","selector":"src"}
  (Session info: chrome=64.0.3282.186)
  (Driver info: chromedriver=2.34.522940 (1a76f96f66e3ca7b8e57d503b4dd3bccfba87af1),platform=Windows NT 10.0.16299 x86_64) (WARNING: The server did not provide any stacktrace information)
Command duration or timeout: 1.02 seconds
For documentation on this error, please visit: http://seleniumhq.org/exceptions/no_such_element.html
Build info: version: '3.4.0', revision: 'unknown', time: 'unknown'
System info: host: 'LAPTOP-M7LJD1LD', ip: '192.168.1.106', os.name: 'Windows 10', os.arch: 'amd64', os.version: '10.0', java.version: '1.8.0_121'
Driver info: org.openqa.selenium.chrome.ChromeDriver
Capabilities [{applicationCacheEnabled=false, rotatable=false, mobileEmulationEnabled=false, networkConnectionEnabled=false, chrome={chromedriverVersion=2.34.522940 (1a76f96f66e3ca7b8e57d503b4dd3bccfba87af1), userDataDir=C:\Users\User\AppData\Local\Temp\scoped_dir11556_20048}, takesHeapSnapshot=true, pageLoadStrategy=normal, databaseEnabled=false, handlesAlerts=true, hasTouchScreen=false, version=64.0.3282.186, platform=XP, browserConnectionEnabled=false, nativeEvents=true, acceptSslCerts=true, locationContextEnabled=true, webStorageEnabled=true, browserName=chrome, takesScreenshot=true, javascriptEnabled=true, cssSelectorsEnabled=true, setWindowRect=true, unexpectedAlertBehaviour=}]
Session ID: 497d3616184fc7cc9eb73dccc45b67aa
*** Element info: {Using=xpath, value=src}</message>
                <stack-trace>org.openqa.selenium.NoSuchElementException: no such element: Unable to locate element: {"method":"xpath","selector":"src"}
  (Session info: chrome=64.0.3282.186)
  (Driver info: chromedriver=2.34.522940 (1a76f96f66e3ca7b8e57d503b4dd3bccfba87af1),platform=Windows NT 10.0.16299 x86_64) (WARNING: The server did not provide any stacktrace information)
Command duration or timeout: 1.02 seconds
For documentation on this error, please visit: http://seleniumhq.org/exceptions/no_such_element.html
Build info: version: '3.4.0', revision: 'unknown', time: 'unknown'
System info: host: 'LAPTOP-M7LJD1LD', ip: '192.168.1.106', os.name: 'Windows 10', os.arch: 'amd64', os.version: '10.0', java.version: '1.8.0_121'
Driver info: org.openqa.selenium.chrome.ChromeDriver
Capabilities [{applicationCacheEnabled=false, rotatable=false, mobileEmulationEnabled=false, networkConnectionEnabled=false, chrome={chromedriverVersion=2.34.522940 (1a76f96f66e3ca7b8e57d503b4dd3bccfba87af1), userDataDir=C:\Users\User\AppData\Local\Temp\scoped_dir11556_20048}, takesHeapSnapshot=true, pageLoadStrategy=normal, databaseEnabled=false, handlesAlerts=true, hasTouchScreen=false, version=64.0.3282.186, platform=XP, browserConnectionEnabled=false, nativeEvents=true, acceptSslCerts=true, locationContextEnabled=true, webStorageEnabled=true, browserName=chrome, takesScreenshot=true, javascriptEnabled=true, cssSelectorsEnabled=true, setWindowRect=true, unexpectedAlertBehaviour=}]
Session ID: 497d3616184fc7cc9eb73dccc45b67aa
*** Element info: {Using=xpath, value=src}
	at sun.reflect.NativeConstructorAccessorImpl.newInstance0(Native Method)
	at sun.reflect.NativeConstructorAccessorImpl.newInstance(NativeConstructorAccessorImpl.java:62)
	at sun.reflect.DelegatingConstructorAccessorImpl.newInstance(DelegatingConstructorAccessorImpl.java:45)
	at java.lang.reflect.Constructor.newInstance(Constructor.java:423)
	at org.openqa.selenium.remote.ErrorHandler.createThrowable(ErrorHandler.java:215)
	at org.openqa.selenium.remote.ErrorHandler.throwIfResponseFailed(ErrorHandler.java:167)
	at org.openqa.selenium.remote.RemoteWebDriver.execute(RemoteWebDriver.java:671)
	at org.openqa.selenium.remote.RemoteWebElement.execute(RemoteWebElement.java:272)
	at org.openqa.selenium.remote.RemoteWebElement.findElement(RemoteWebElement.java:175)
	at org.openqa.selenium.remote.RemoteWebElement.findElementByXPath(RemoteWebElement.java:248)
	at org.openqa.selenium.By$ByXPath.findElement(By.java:361)
	at org.openqa.selenium.remote.RemoteWebElement.findElement(RemoteWebElement.java:171)
	at ru.maistrenko.addressbook.appmanager.ContactHelper.initContactModificationById(ContactHelper.java:159)
	at ru.maistrenko.addressbook.appmanager.ContactHelper.contactInfoFromEditForm(ContactHelper.java:140)
	at ru.maistrenko.addressbook.test.ContactPhoneTests.testContactPhone(ContactPhoneTests.java:36)
	at sun.reflect.NativeMethodAccessorImpl.invoke0(Native Method)
	at sun.reflect.NativeMethodAccessorImpl.invoke(NativeMethodAccessorImpl.java:62)
	at sun.reflect.DelegatingMethodAccessorImpl.invoke(DelegatingMethodAccessorImpl.java:43)
	at java.lang.reflect.Method.invoke(Method.java:498)
	at org.testng.internal.MethodInvocationHelper.invokeMethod(MethodInvocationHelper.java:124)
	at org.testng.internal.Invoker.invokeMethod(Invoker.java:580)
	at org.testng.internal.Invoker.invokeTestMethod(Invoker.java:716)
	at org.testng.internal.Invoker.invokeTestMethods(Invoker.java:988)
	at org.testng.internal.TestMethodWorker.invokeTestMethods(TestMethodWorker.java:125)
	at org.testng.internal.TestMethodWorker.run(TestMethodWorker.java:109)
	at org.testng.TestRunner.privateRun(TestRunner.java:648)
	at org.testng.TestRunner.run(TestRunner.java:505)
	at org.testng.SuiteRunner.runTest(SuiteRunner.java:455)
	at org.testng.SuiteRunner.runSequentially(SuiteRunner.java:450)
	at org.testng.SuiteRunner.privateRun(SuiteRunner.java:415)
	at org.testng.SuiteRunner.run(SuiteRunner.java:364)
	at org.testng.SuiteRunnerWorker.runSuite(SuiteRunnerWorker.java:52)
	at org.testng.SuiteRunnerWorker.run(SuiteRunnerWorker.java:84)
	at org.testng.TestNG.runSuitesSequentially(TestNG.java:1208)
	at org.testng.TestNG.runSuitesLocally(TestNG.java:1137)
	at org.testng.TestNG.runSuites(TestNG.java:1049)
	at org.testng.TestNG.run(TestNG.java:1017)
	at org.gradle.api.internal.tasks.testing.testng.TestNGTestClassProcessor.runTests(TestNGTestClassProcessor.java:134)
	at org.gradle.api.internal.tasks.testing.testng.TestNGTestClassProcessor.stop(TestNGTestClassProcessor.java:88)
	at org.gradle.api.internal.tasks.testing.SuiteTestClassProcessor.stop(SuiteTestClassProcessor.java:61)
	at sun.reflect.NativeMethodAccessorImpl.invoke0(Native Method)
	at sun.reflect.NativeMethodAccessorImpl.invoke(NativeMethodAccessorImpl.java:62)
	at sun.reflect.DelegatingMethodAccessorImpl.invoke(DelegatingMethodAccessorImpl.java:43)
	at java.lang.reflect.Method.invoke(Method.java:498)
	at org.gradle.internal.dispatch.ReflectionDispatch.dispatch(ReflectionDispatch.java:35)
	at org.gradle.internal.dispatch.ReflectionDispatch.dispatch(ReflectionDispatch.java:24)
	at org.gradle.internal.dispatch.ContextClassLoaderDispatch.dispatch(ContextClassLoaderDispatch.java:32)
	at org.gradle.internal.dispatch.ProxyDispatchAdapter$DispatchingInvocationHandler.invoke(ProxyDispatchAdapter.java:93)
	at com.sun.proxy.$Proxy1.stop(Unknown Source)
	at org.gradle.api.internal.tasks.testing.worker.TestWorker.stop(TestWorker.java:123)
	at sun.reflect.NativeMethodAccessorImpl.invoke0(Native Method)
	at sun.reflect.NativeMethodAccessorImpl.invoke(NativeMethodAccessorImpl.java:62)
	at sun.reflect.DelegatingMethodAccessorImpl.invoke(DelegatingMethodAccessorImpl.java:43)
	at java.lang.reflect.Method.invoke(Method.java:498)
	at org.gradle.internal.dispatch.ReflectionDispatch.dispatch(ReflectionDispatch.java:35)
	at org.gradle.internal.dispatch.ReflectionDispatch.dispatch(ReflectionDispatch.java:24)
	at org.gradle.internal.remote.internal.hub.MessageHubBackedObjectConnection$DispatchWrapper.dispatch(MessageHubBackedObjectConnection.java:146)
	at org.gradle.internal.remote.internal.hub.MessageHubBackedObjectConnection$DispatchWrapper.dispatch(MessageHubBackedObjectConnection.java:128)
	at org.gradle.internal.remote.internal.hub.MessageHub$Handler.run(MessageHub.java:404)
	at org.gradle.internal.concurrent.ExecutorPolicy$CatchAndRecordFailures.onExecute(ExecutorPolicy.java:63)
	at org.gradle.internal.concurrent.ManagedExecutorImpl$1.run(ManagedExecutorImpl.java:46)
	at java.util.concurrent.ThreadPoolExecutor.runWorker(ThreadPoolExecutor.java:1142)
	at java.util.concurrent.ThreadPoolExecutor$Worker.run(ThreadPoolExecutor.java:617)
	at org.gradle.internal.concurrent.ThreadFactoryImpl$ManagedThreadRunnable.run(ThreadFactoryImpl.java:55)
	at java.lang.Thread.run(Thread.java:745)
</stack-trace>
            </failure>
            <steps/>
            <attachments>
                <attachment title="Page screenshot" source="4486f33ec9b79e05134a651cdbf58c8cccf4a1b050cc8e8457b9d5f301048d95-attachment.png" type="image/png" size="85610"/>
            </attachments>
            <labels/>
        </test-case>
        <test-case start="1520256541053" stop="1520256541114" status="passed">
            <name>testDbConnection</name>
            <steps/>
            <attachments/>
            <labels/>
        </test-case>
        <test-case start="1520256541124" stop="1520256542389" status="passed">
            <name>testBadGroupCreation[GroupData{name='name1'', id=0}]</name>
            <steps/>
            <attachments/>
            <labels/>
        </test-case>
        <test-case start="1520256542525" stop="1520256543769" status="passed">
            <name>testGroupCreationByDb[GroupData{name='test0', id=0}]</name>
            <steps/>
            <attachments/>
            <labels/>
        </test-case>
        <test-case start="1520256543770" stop="1520256545034" status="passed">
            <name>testGroupCreationByDb[GroupData{name='test1', id=0}]</name>
            <steps/>
            <attachments/>
            <labels/>
        </test-case>
        <test-case start="1520256545036" stop="1520256546507" status="passed">
            <name>testGroupCreationByDb[GroupData{name='test2', id=0}]</name>
            <steps/>
            <attachments/>
            <labels/>
        </test-case>
        <test-case start="1520256546509" stop="1520256547829" status="passed">
            <name>testGroupCreationByDb[GroupData{name='test3', id=0}]</name>
            <steps/>
            <attachments/>
            <labels/>
        </test-case>
        <test-case start="1520256547831" stop="1520256549149" status="passed">
            <name>testGroupCreationByDb[GroupData{name='test4', id=0}]</name>
            <steps/>
            <attachments/>
            <labels/>
        </test-case>
        <test-case start="1520256549151" stop="1520256550482" status="passed">
            <name>testGroupCreationByDb[GroupData{name='test5', id=0}]</name>
            <steps/>
            <attachments/>
            <labels/>
        </test-case>
        <test-case start="1520256550729" stop="1520256551506" status="passed">
            <name>testGroupDeletion</name>
            <steps/>
            <attachments/>
            <labels/>
        </test-case>
        <test-case start="1520256551678" stop="1520256552867" status="passed">
            <name>testGroupModificationByDb</name>
            <steps/>
            <attachments/>
            <labels/>
        </test-case>
        <test-case start="1520256553759" stop="1520256553769" status="passed">
            <name>testHbConnection</name>
            <steps/>
            <attachments/>
            <labels/>
        </test-case>
        <test-case start="1520256553769" stop="1520256553858" status="passed">
            <name>testHbConnectionContacts</name>
            <steps/>
            <attachments/>
            <labels/>
        </test-case>
    </test-cases>
    <labels/>
</ns2:test-suite>
